[ 2014-02-22T18:26:35+08:00 ] ::1 /thinkphp/index.php/Home/
INFO: [ app_init ] --START--
INFO: [ app_init ] --END-- [ RunTime:0.024678s ]
INFO: [ app_begin ] --START--
INFO: Run Behavior\ReadHtmlCache [ RunTime:0.000065s ]
INFO: [ app_begin ] --END-- [ RunTime:0.000126s ]
INFO: [ action_begin ] --START--
INFO: [ action_begin ] --END-- [ RunTime:0.000038s ]
INFO: [ view_begin ] --START--
INFO: [ view_begin ] --END-- [ RunTime:0.000076s ]
INFO: [ view_parse ] --START--
INFO: [ template_filter ] --START--
INFO: Run Behavior\ContentReplace [ RunTime:0.000097s ]
INFO: [ template_filter ] --END-- [ RunTime:0.000245s ]
INFO: Run Behavior\ParseTemplate [ RunTime:0.011614s ]
INFO: [ view_parse ] --END-- [ RunTime:0.011768s ]
INFO: [ view_filter ] --START--
INFO: Run Behavior\WriteHtmlCache [ RunTime:0.000024s ]
INFO: [ view_filter ] --END-- [ RunTime:0.000097s ]
INFO: [ view_end ] --START--
INFO: [ view_end ] --END-- [ RunTime:0.000029s ]
INFO: [ app_end ] --START--
INFO: Run Behavior\ShowPageTrace [ RunTime:0.000062s ]
INFO: [ app_end ] --END-- [ RunTime:0.000136s ]

[ 2014-02-22T18:27:03+08:00 ] ::1 /thinkphp/index.php/Home/Index/search
INFO: [ app_init ] --START--
INFO: [ app_init ] --END-- [ RunTime:0.000470s ]
INFO: [ path_info ] --START--
INFO: [ path_info ] --END-- [ RunTime:0.000025s ]
INFO: [ app_begin ] --START--
INFO: Run Behavior\ReadHtmlCache [ RunTime:0.000049s ]
INFO: [ app_begin ] --END-- [ RunTime:0.000105s ]
INFO: [ action_begin ] --START--
INFO: [ action_begin ] --END-- [ RunTime:0.000037s ]
NOTIC: [8] Use of undefined constant bookname - assumed 'bookname' F:\xampp\htdocs\thinkphp\Application\Home\Controller\IndexController.class.php 第 36 行.
SQL: SHOW COLUMNS FROM `sp_book` [ RunTime:0.028526s ]
SQL: SELECT * FROM `sp_book` WHERE ( `title` LIKE '%程序%' )  [ RunTime:0.000941s ]
INFO: [ view_begin ] --START--
INFO: [ view_begin ] --END-- [ RunTime:0.000044s ]
INFO: [ view_parse ] --START--
INFO: [ template_filter ] --START--
INFO: Run Behavior\ContentReplace [ RunTime:0.000096s ]
INFO: [ template_filter ] --END-- [ RunTime:0.000217s ]
INFO: Run Behavior\ParseTemplate [ RunTime:0.047494s ]
INFO: [ view_parse ] --END-- [ RunTime:0.047663s ]
INFO: [ view_filter ] --START--
INFO: Run Behavior\WriteHtmlCache [ RunTime:0.000025s ]
INFO: [ view_filter ] --END-- [ RunTime:0.000104s ]
INFO: [ view_end ] --START--
INFO: [ view_end ] --END-- [ RunTime:0.000035s ]
INFO: [ app_end ] --START--
INFO: Run Behavior\ShowPageTrace [ RunTime:0.000068s ]
INFO: [ app_end ] --END-- [ RunTime:0.000147s ]

[ 2014-02-22T18:27:09+08:00 ] ::1 /thinkphp/index.php/Home/Index/detail?isbn=9787111128069
INFO: [ app_init ] --START--
INFO: [ app_init ] --END-- [ RunTime:0.000473s ]
INFO: [ path_info ] --START--
INFO: [ path_info ] --END-- [ RunTime:0.000030s ]
INFO: [ app_begin ] --START--
INFO: Run Behavior\ReadHtmlCache [ RunTime:0.000059s ]
INFO: [ app_begin ] --END-- [ RunTime:0.000126s ]
INFO: [ action_begin ] --START--
INFO: [ action_begin ] --END-- [ RunTime:0.000035s ]
NOTIC: [8] Use of undefined constant bookname - assumed 'bookname' F:\xampp\htdocs\thinkphp\Application\Home\Controller\IndexController.class.php 第 17 行.
SQL: SHOW COLUMNS FROM `sp_book` [ RunTime:0.005385s ]
SQL: SELECT * FROM `sp_book` WHERE ( `isbn` = '9787111128069' ) LIMIT 1   [ RunTime:0.000795s ]
INFO: [ view_begin ] --START--
INFO: [ view_begin ] --END-- [ RunTime:0.000041s ]
INFO: [ view_parse ] --START--
INFO: [ template_filter ] --START--
INFO: Run Behavior\ContentReplace [ RunTime:0.000101s ]
INFO: [ template_filter ] --END-- [ RunTime:0.000226s ]
INFO: Run Behavior\ParseTemplate [ RunTime:0.014708s ]
INFO: [ view_parse ] --END-- [ RunTime:0.014814s ]
INFO: [ view_filter ] --START--
INFO: Run Behavior\WriteHtmlCache [ RunTime:0.000026s ]
INFO: [ view_filter ] --END-- [ RunTime:0.000105s ]
INFO: [ view_end ] --START--
INFO: [ view_end ] --END-- [ RunTime:0.000035s ]
INFO: [ app_end ] --START--
INFO: Run Behavior\ShowPageTrace [ RunTime:0.000069s ]
INFO: [ app_end ] --END-- [ RunTime:0.000151s ]

[ 2014-02-22T18:29:01+08:00 ] ::1 /thinkphp/index.php/Home/Index/search
INFO: [ app_init ] --START--
INFO: [ app_init ] --END-- [ RunTime:0.000815s ]
INFO: [ path_info ] --START--
INFO: [ path_info ] --END-- [ RunTime:0.000039s ]
INFO: [ app_begin ] --START--
INFO: Run Behavior\ReadHtmlCache [ RunTime:0.000071s ]
INFO: [ app_begin ] --END-- [ RunTime:0.000154s ]
INFO: [ action_begin ] --START--
INFO: [ action_begin ] --END-- [ RunTime:0.000041s ]
NOTIC: [8] Use of undefined constant bookname - assumed 'bookname' F:\xampp\htdocs\thinkphp\Application\Home\Controller\IndexController.class.php 第 36 行.
SQL: SHOW COLUMNS FROM `sp_book` [ RunTime:0.026758s ]
SQL: SELECT * FROM `sp_book` WHERE ( `title` LIKE '%算法%' )  [ RunTime:0.000767s ]
INFO: [ app_end ] --START--
INFO: Run Behavior\ShowPageTrace [ RunTime:0.000131s ]
INFO: [ app_end ] --END-- [ RunTime:0.000229s ]

[ 2014-02-22T18:29:23+08:00 ] ::1 /thinkphp/index.php/Home/Index/search
INFO: [ app_init ] --START--
INFO: [ app_init ] --END-- [ RunTime:0.000414s ]
INFO: [ path_info ] --START--
INFO: [ path_info ] --END-- [ RunTime:0.000026s ]
INFO: [ app_begin ] --START--
INFO: Run Behavior\ReadHtmlCache [ RunTime:0.000049s ]
INFO: [ app_begin ] --END-- [ RunTime:0.000106s ]
INFO: [ action_begin ] --START--
INFO: [ action_begin ] --END-- [ RunTime:0.000043s ]
NOTIC: [8] Use of undefined constant bookname - assumed 'bookname' F:\xampp\htdocs\thinkphp\Application\Home\Controller\IndexController.class.php 第 36 行.
SQL: SHOW COLUMNS FROM `sp_book` [ RunTime:0.005559s ]
SQL: SELECT * FROM `sp_book` WHERE ( `title` LIKE '%算法%' )  [ RunTime:0.000830s ]
NOTIC: [8] Array to string conversion F:\xampp\htdocs\thinkphp\Application\Home\Controller\IndexController.class.php 第 49 行.
INFO: [ app_end ] --START--
INFO: Run Behavior\ShowPageTrace [ RunTime:0.000101s ]
INFO: [ app_end ] --END-- [ RunTime:0.000189s ]

[ 2014-02-22T18:29:50+08:00 ] ::1 /thinkphp/index.php/Home/Index/search
INFO: [ app_init ] --START--
INFO: [ app_init ] --END-- [ RunTime:0.000385s ]
INFO: [ path_info ] --START--
INFO: [ path_info ] --END-- [ RunTime:0.000026s ]
INFO: [ app_begin ] --START--
INFO: Run Behavior\ReadHtmlCache [ RunTime:0.000048s ]
INFO: [ app_begin ] --END-- [ RunTime:0.000101s ]
INFO: [ action_begin ] --START--
INFO: [ action_begin ] --END-- [ RunTime:0.000039s ]
NOTIC: [8] Use of undefined constant bookname - assumed 'bookname' F:\xampp\htdocs\thinkphp\Application\Home\Controller\IndexController.class.php 第 36 行.
SQL: SHOW COLUMNS FROM `sp_book` [ RunTime:0.005631s ]
SQL: SELECT * FROM `sp_book` WHERE ( `title` LIKE '%算法%' )  [ RunTime:0.000718s ]
INFO: [ app_end ] --START--
INFO: Run Behavior\ShowPageTrace [ RunTime:0.000080s ]
INFO: [ app_end ] --END-- [ RunTime:0.000215s ]

[ 2014-02-22T18:33:00+08:00 ] 192.168.1.100 /thinkphp/index.php/Home
INFO: [ app_init ] --START--
INFO: [ app_init ] --END-- [ RunTime:0.000491s ]
INFO: [ app_begin ] --START--
INFO: Run Behavior\ReadHtmlCache [ RunTime:0.000056s ]
INFO: [ app_begin ] --END-- [ RunTime:0.000119s ]
INFO: [ action_begin ] --START--
INFO: [ action_begin ] --END-- [ RunTime:0.000049s ]
INFO: [ view_begin ] --START--
INFO: [ view_begin ] --END-- [ RunTime:0.000024s ]
INFO: [ view_parse ] --START--
INFO: [ template_filter ] --START--
INFO: Run Behavior\ContentReplace [ RunTime:0.000062s ]
INFO: [ template_filter ] --END-- [ RunTime:0.000137s ]
INFO: Run Behavior\ParseTemplate [ RunTime:0.007211s ]
INFO: [ view_parse ] --END-- [ RunTime:0.007278s ]
INFO: [ view_filter ] --START--
INFO: Run Behavior\WriteHtmlCache [ RunTime:0.000017s ]
INFO: [ view_filter ] --END-- [ RunTime:0.000066s ]
INFO: [ view_end ] --START--
INFO: [ view_end ] --END-- [ RunTime:0.000020s ]
INFO: [ app_end ] --START--
INFO: Run Behavior\ShowPageTrace [ RunTime:0.000041s ]
INFO: [ app_end ] --END-- [ RunTime:0.000086s ]

[ 2014-02-22T18:33:20+08:00 ] 192.168.1.100 /thinkphp/index.php/Home/Index/search
INFO: [ app_init ] --START--
INFO: [ app_init ] --END-- [ RunTime:0.000720s ]
INFO: [ path_info ] --START--
INFO: [ path_info ] --END-- [ RunTime:0.000043s ]
INFO: [ app_begin ] --START--
INFO: Run Behavior\ReadHtmlCache [ RunTime:0.000076s ]
INFO: [ app_begin ] --END-- [ RunTime:0.000166s ]
INFO: [ action_begin ] --START--
INFO: [ action_begin ] --END-- [ RunTime:0.000047s ]
NOTIC: [8] Use of undefined constant bookname - assumed 'bookname' F:\xampp\htdocs\thinkphp\Application\Home\Controller\IndexController.class.php 第 36 行.
SQL: SHOW COLUMNS FROM `sp_book` [ RunTime:0.005464s ]
SQL: SELECT * FROM `sp_book` WHERE ( `title` LIKE '%算法%' )  [ RunTime:0.000795s ]
INFO: [ app_end ] --START--
INFO: Run Behavior\ShowPageTrace [ RunTime:0.000087s ]
INFO: [ app_end ] --END-- [ RunTime:0.000196s ]

[ 2014-02-22T18:33:55+08:00 ] ::1 /thinkphp/index.php/Home/Index/search
INFO: [ app_init ] --START--
INFO: [ app_init ] --END-- [ RunTime:0.000399s ]
INFO: [ path_info ] --START--
INFO: [ path_info ] --END-- [ RunTime:0.000026s ]
INFO: [ app_begin ] --START--
INFO: Run Behavior\ReadHtmlCache [ RunTime:0.000049s ]
INFO: [ app_begin ] --END-- [ RunTime:0.000104s ]
INFO: [ action_begin ] --START--
INFO: [ action_begin ] --END-- [ RunTime:0.000031s ]
NOTIC: [8] Use of undefined constant bookname - assumed 'bookname' F:\xampp\htdocs\thinkphp\Application\Home\Controller\IndexController.class.php 第 36 行.
SQL: SHOW COLUMNS FROM `sp_book` [ RunTime:0.005372s ]
SQL: SELECT * FROM `sp_book` WHERE ( `title` LIKE '%算法%' )  [ RunTime:0.000821s ]
INFO: [ app_end ] --START--
INFO: Run Behavior\ShowPageTrace [ RunTime:0.000072s ]
INFO: [ app_end ] --END-- [ RunTime:0.000164s ]

[ 2014-02-22T18:34:04+08:00 ] ::1 /thinkphp/index.php/Home/Index/search
INFO: [ app_init ] --START--
INFO: [ app_init ] --END-- [ RunTime:0.000631s ]
INFO: [ path_info ] --START--
INFO: [ path_info ] --END-- [ RunTime:0.000027s ]
INFO: [ app_begin ] --START--
INFO: Run Behavior\ReadHtmlCache [ RunTime:0.000061s ]
INFO: [ app_begin ] --END-- [ RunTime:0.000123s ]
INFO: [ action_begin ] --START--
INFO: [ action_begin ] --END-- [ RunTime:0.000033s ]
NOTIC: [8] Use of undefined constant bookname - assumed 'bookname' F:\xampp\htdocs\thinkphp\Application\Home\Controller\IndexController.class.php 第 36 行.
SQL: SHOW COLUMNS FROM `sp_book` [ RunTime:0.005890s ]
SQL: SELECT * FROM `sp_book` WHERE ( `title` LIKE '%算法%' )  [ RunTime:0.000796s ]
INFO: [ app_end ] --START--
INFO: Run Behavior\ShowPageTrace [ RunTime:0.000086s ]
INFO: [ app_end ] --END-- [ RunTime:0.000194s ]

[ 2014-02-22T18:35:27+08:00 ] 192.168.1.100 /thinkphp/index.php/Home/index/search
INFO: [ app_init ] --START--
INFO: [ app_init ] --END-- [ RunTime:0.000545s ]
INFO: [ path_info ] --START--
INFO: [ path_info ] --END-- [ RunTime:0.000026s ]
INFO: [ app_begin ] --START--
INFO: Run Behavior\ReadHtmlCache [ RunTime:0.000047s ]
INFO: [ app_begin ] --END-- [ RunTime:0.000103s ]
INFO: [ action_begin ] --START--
INFO: [ action_begin ] --END-- [ RunTime:0.000028s ]
NOTIC: [8] Use of undefined constant bookname - assumed 'bookname' F:\xampp\htdocs\thinkphp\Application\Home\Controller\IndexController.class.php 第 36 行.
SQL: SHOW COLUMNS FROM `sp_book` [ RunTime:0.005569s ]
SQL: SELECT * FROM `sp_book` WHERE ( `title` LIKE '%算法%' )  [ RunTime:0.000819s ]
INFO: [ app_end ] --START--
INFO: Run Behavior\ShowPageTrace [ RunTime:0.000086s ]
INFO: [ app_end ] --END-- [ RunTime:0.000196s ]

[ 2014-02-22T18:38:30+08:00 ] 192.168.1.100 /thinkphp/index.php/Home/index/search
INFO: [ app_init ] --START--
INFO: [ app_init ] --END-- [ RunTime:0.000921s ]
INFO: [ path_info ] --START--
INFO: [ path_info ] --END-- [ RunTime:0.000049s ]
INFO: [ app_begin ] --START--
INFO: Run Behavior\ReadHtmlCache [ RunTime:0.000084s ]
INFO: [ app_begin ] --END-- [ RunTime:0.000189s ]
INFO: [ action_begin ] --START--
INFO: [ action_begin ] --END-- [ RunTime:0.000055s ]
NOTIC: [8] Use of undefined constant bookname - assumed 'bookname' F:\xampp\htdocs\thinkphp\Application\Home\Controller\IndexController.class.php 第 36 行.
SQL: SHOW COLUMNS FROM `sp_book` [ RunTime:0.005567s ]
SQL: SELECT * FROM `sp_book` WHERE ( `title` LIKE '%算法%' )  [ RunTime:0.000858s ]
INFO: [ app_end ] --START--
INFO: Run Behavior\ShowPageTrace [ RunTime:0.000084s ]
INFO: [ app_end ] --END-- [ RunTime:0.000192s ]

[ 2014-02-22T18:41:20+08:00 ] ::1 /thinkphp/index.php/Home/Index/search
INFO: [ app_init ] --START--
INFO: [ app_init ] --END-- [ RunTime:0.000419s ]
INFO: [ path_info ] --START--
INFO: [ path_info ] --END-- [ RunTime:0.000026s ]
INFO: [ app_begin ] --START--
INFO: Run Behavior\ReadHtmlCache [ RunTime:0.000048s ]
INFO: [ app_begin ] --END-- [ RunTime:0.000105s ]
INFO: [ action_begin ] --START--
INFO: [ action_begin ] --END-- [ RunTime:0.000035s ]
NOTIC: [8] Use of undefined constant bookname - assumed 'bookname' F:\xampp\htdocs\thinkphp\Application\Home\Controller\IndexController.class.php 第 36 行.
SQL: SHOW COLUMNS FROM `sp_book` [ RunTime:0.005615s ]
SQL: SELECT * FROM `sp_book` WHERE ( `title` LIKE '%算法%' )  [ RunTime:0.000978s ]
INFO: [ app_end ] --START--
INFO: Run Behavior\ShowPageTrace [ RunTime:0.000088s ]
INFO: [ app_end ] --END-- [ RunTime:0.000202s ]

[ 2014-02-22T18:41:31+08:00 ] ::1 /thinkphp/index.php/Home/Index/search
INFO: [ app_init ] --START--
INFO: [ app_init ] --END-- [ RunTime:0.000432s ]
INFO: [ path_info ] --START--
INFO: [ path_info ] --END-- [ RunTime:0.000026s ]
INFO: [ app_begin ] --START--
INFO: Run Behavior\ReadHtmlCache [ RunTime:0.000046s ]
INFO: [ app_begin ] --END-- [ RunTime:0.000101s ]
INFO: [ action_begin ] --START--
INFO: [ action_begin ] --END-- [ RunTime:0.000030s ]
NOTIC: [8] Use of undefined constant bookname - assumed 'bookname' F:\xampp\htdocs\thinkphp\Application\Home\Controller\IndexController.class.php 第 36 行.
SQL: SHOW COLUMNS FROM `sp_book` [ RunTime:0.006193s ]
SQL: SELECT * FROM `sp_book` WHERE ( `title` LIKE '%算法%' )  [ RunTime:0.000729s ]
INFO: [ app_end ] --START--
INFO: Run Behavior\ShowPageTrace [ RunTime:0.000085s ]
INFO: [ app_end ] --END-- [ RunTime:0.000194s ]

[ 2014-02-22T18:43:16+08:00 ] ::1 /thinkphp/index.php/Home/Index/search
INFO: [ app_init ] --START--
INFO: [ app_init ] --END-- [ RunTime:0.000365s ]
INFO: [ path_info ] --START--
INFO: [ path_info ] --END-- [ RunTime:0.000026s ]
INFO: [ app_begin ] --START--
INFO: Run Behavior\ReadHtmlCache [ RunTime:0.000046s ]
INFO: [ app_begin ] --END-- [ RunTime:0.000101s ]
INFO: [ action_begin ] --START--
INFO: [ action_begin ] --END-- [ RunTime:0.000030s ]
NOTIC: [8] Use of undefined constant bookname - assumed 'bookname' F:\xampp\htdocs\thinkphp\Application\Home\Controller\IndexController.class.php 第 36 行.
SQL: SHOW COLUMNS FROM `sp_book` [ RunTime:0.005311s ]
SQL: SELECT * FROM `sp_book` WHERE ( `title` LIKE '%算法%' )  [ RunTime:0.000810s ]
INFO: [ app_end ] --START--
INFO: Run Behavior\ShowPageTrace [ RunTime:0.000071s ]
INFO: [ app_end ] --END-- [ RunTime:0.000162s ]

[ 2014-02-22T18:43:24+08:00 ] ::1 /thinkphp/index.php/Home/Index/search
INFO: [ app_init ] --START--
INFO: [ app_init ] --END-- [ RunTime:0.000447s ]
INFO: [ path_info ] --START--
INFO: [ path_info ] --END-- [ RunTime:0.000026s ]
INFO: [ app_begin ] --START--
INFO: Run Behavior\ReadHtmlCache [ RunTime:0.000048s ]
INFO: [ app_begin ] --END-- [ RunTime:0.000105s ]
INFO: [ action_begin ] --START--
INFO: [ action_begin ] --END-- [ RunTime:0.000028s ]
NOTIC: [8] Use of undefined constant bookname - assumed 'bookname' F:\xampp\htdocs\thinkphp\Application\Home\Controller\IndexController.class.php 第 36 行.
SQL: SHOW COLUMNS FROM `sp_book` [ RunTime:0.005364s ]
SQL: SELECT * FROM `sp_book` WHERE ( `title` LIKE '%算法%' )  [ RunTime:0.000860s ]
INFO: [ app_end ] --START--
INFO: Run Behavior\ShowPageTrace [ RunTime:0.000087s ]
INFO: [ app_end ] --END-- [ RunTime:0.000197s ]

[ 2014-02-22T18:44:26+08:00 ] ::1 /thinkphp/index.php/Home/Index/search
INFO: [ app_init ] --START--
INFO: [ app_init ] --END-- [ RunTime:0.000673s ]
INFO: [ path_info ] --START--
INFO: [ path_info ] --END-- [ RunTime:0.000048s ]
INFO: [ app_begin ] --START--
INFO: Run Behavior\ReadHtmlCache [ RunTime:0.000049s ]
INFO: [ app_begin ] --END-- [ RunTime:0.000103s ]
INFO: [ action_begin ] --START--
INFO: [ action_begin ] --END-- [ RunTime:0.000031s ]
NOTIC: [8] Use of undefined constant bookname - assumed 'bookname' F:\xampp\htdocs\thinkphp\Application\Home\Controller\IndexController.class.php 第 36 行.
SQL: SHOW COLUMNS FROM `sp_book` [ RunTime:0.005466s ]
SQL: SELECT * FROM `sp_book` WHERE ( `title` LIKE '%算法%' )  [ RunTime:0.000827s ]
INFO: [ app_end ] --START--
INFO: Run Behavior\ShowPageTrace [ RunTime:0.000086s ]
INFO: [ app_end ] --END-- [ RunTime:0.000195s ]

[ 2014-02-22T18:44:38+08:00 ] ::1 /thinkphp/index.php/Home/Index/search
INFO: [ app_init ] --START--
INFO: [ app_init ] --END-- [ RunTime:0.001032s ]
INFO: [ path_info ] --START--
INFO: [ path_info ] --END-- [ RunTime:0.000027s ]
INFO: [ app_begin ] --START--
INFO: Run Behavior\ReadHtmlCache [ RunTime:0.000053s ]
INFO: [ app_begin ] --END-- [ RunTime:0.000113s ]
INFO: [ action_begin ] --START--
INFO: [ action_begin ] --END-- [ RunTime:0.000081s ]
NOTIC: [8] Use of undefined constant bookname - assumed 'bookname' F:\xampp\htdocs\thinkphp\Application\Home\Controller\IndexController.class.php 第 36 行.
SQL: SHOW COLUMNS FROM `sp_book` [ RunTime:0.006292s ]
SQL: SELECT * FROM `sp_book` WHERE ( `title` LIKE '%算法%' )  [ RunTime:0.000842s ]
INFO: [ app_end ] --START--
INFO: Run Behavior\ShowPageTrace [ RunTime:0.000086s ]
INFO: [ app_end ] --END-- [ RunTime:0.000195s ]

[ 2014-02-22T18:44:45+08:00 ] ::1 /thinkphp/index.php/Home/Index/search
INFO: [ app_init ] --START--
INFO: [ app_init ] --END-- [ RunTime:0.000394s ]
INFO: [ path_info ] --START--
INFO: [ path_info ] --END-- [ RunTime:0.000026s ]
INFO: [ app_begin ] --START--
INFO: Run Behavior\ReadHtmlCache [ RunTime:0.000048s ]
INFO: [ app_begin ] --END-- [ RunTime:0.000101s ]
INFO: [ action_begin ] --START--
INFO: [ action_begin ] --END-- [ RunTime:0.000033s ]
NOTIC: [8] Use of undefined constant bookname - assumed 'bookname' F:\xampp\htdocs\thinkphp\Application\Home\Controller\IndexController.class.php 第 36 行.
SQL: SHOW COLUMNS FROM `sp_book` [ RunTime:0.005317s ]
SQL: SELECT * FROM `sp_book` WHERE ( `title` LIKE '%算法%' )  [ RunTime:0.000797s ]
INFO: [ app_end ] --START--
INFO: Run Behavior\ShowPageTrace [ RunTime:0.000086s ]
INFO: [ app_end ] --END-- [ RunTime:0.000196s ]

[ 2014-02-22T18:45:38+08:00 ] 192.168.1.100 /thinkphp/index.php/Home/index/search
INFO: [ app_init ] --START--
INFO: [ app_init ] --END-- [ RunTime:0.000782s ]
INFO: [ path_info ] --START--
INFO: [ path_info ] --END-- [ RunTime:0.000047s ]
INFO: [ app_begin ] --START--
INFO: Run Behavior\ReadHtmlCache [ RunTime:0.000082s ]
INFO: [ app_begin ] --END-- [ RunTime:0.000184s ]
INFO: [ action_begin ] --START--
INFO: [ action_begin ] --END-- [ RunTime:0.000052s ]
NOTIC: [8] Use of undefined constant bookname - assumed 'bookname' F:\xampp\htdocs\thinkphp\Application\Home\Controller\IndexController.class.php 第 36 行.
SQL: SHOW COLUMNS FROM `sp_book` [ RunTime:0.022663s ]
SQL: SELECT * FROM `sp_book` WHERE ( `title` LIKE '%算法%' )  [ RunTime:0.000772s ]
INFO: [ app_end ] --START--
INFO: Run Behavior\ShowPageTrace [ RunTime:0.000087s ]
INFO: [ app_end ] --END-- [ RunTime:0.000273s ]

[ 2014-02-22T18:47:05+08:00 ] ::1 /thinkphp/index.php/Home/Index/search
INFO: [ app_init ] --START--
INFO: [ app_init ] --END-- [ RunTime:0.000618s ]
INFO: [ path_info ] --START--
INFO: [ path_info ] --END-- [ RunTime:0.000037s ]
INFO: [ app_begin ] --START--
INFO: Run Behavior\ReadHtmlCache [ RunTime:0.000053s ]
INFO: [ app_begin ] --END-- [ RunTime:0.000117s ]
INFO: [ action_begin ] --START--
INFO: [ action_begin ] --END-- [ RunTime:0.000033s ]
NOTIC: [8] Use of undefined constant bookname - assumed 'bookname' F:\xampp\htdocs\thinkphp\Application\Home\Controller\IndexController.class.php 第 36 行.
SQL: SHOW COLUMNS FROM `sp_book` [ RunTime:0.005357s ]
SQL: SELECT * FROM `sp_book` WHERE ( `title` LIKE '%算法%' )  [ RunTime:0.000770s ]
INFO: [ app_end ] --START--
INFO: Run Behavior\ShowPageTrace [ RunTime:0.000086s ]
INFO: [ app_end ] --END-- [ RunTime:0.000197s ]

[ 2014-02-22T18:47:14+08:00 ] ::1 /thinkphp/index.php/Home/Index/search
INFO: [ app_init ] --START--
INFO: [ app_init ] --END-- [ RunTime:0.000948s ]
INFO: [ path_info ] --START--
INFO: [ path_info ] --END-- [ RunTime:0.000033s ]
INFO: [ app_begin ] --START--
INFO: Run Behavior\ReadHtmlCache [ RunTime:0.000082s ]
INFO: [ app_begin ] --END-- [ RunTime:0.000162s ]
INFO: [ action_begin ] --START--
INFO: [ action_begin ] --END-- [ RunTime:0.000046s ]
NOTIC: [8] Use of undefined constant bookname - assumed 'bookname' F:\xampp\htdocs\thinkphp\Application\Home\Controller\IndexController.class.php 第 36 行.
SQL: SHOW COLUMNS FROM `sp_book` [ RunTime:0.005608s ]
SQL: SELECT * FROM `sp_book` WHERE ( `title` LIKE '%算法%' )  [ RunTime:0.000759s ]
INFO: [ app_end ] --START--
INFO: Run Behavior\ShowPageTrace [ RunTime:0.000145s ]
INFO: [ app_end ] --END-- [ RunTime:0.000256s ]

[ 2014-02-22T18:48:45+08:00 ] ::1 /thinkphp/index.php/Home/Index/search
INFO: [ app_init ] --START--
INFO: [ app_init ] --END-- [ RunTime:0.000548s ]
INFO: [ path_info ] --START--
INFO: [ path_info ] --END-- [ RunTime:0.000038s ]
INFO: [ app_begin ] --START--
INFO: Run Behavior\ReadHtmlCache [ RunTime:0.000070s ]
INFO: [ app_begin ] --END-- [ RunTime:0.000149s ]
INFO: [ action_begin ] --START--
INFO: [ action_begin ] --END-- [ RunTime:0.000054s ]
NOTIC: [8] Use of undefined constant bookname - assumed 'bookname' F:\xampp\htdocs\thinkphp\Application\Home\Controller\IndexController.class.php 第 36 行.
SQL: SHOW COLUMNS FROM `sp_book` [ RunTime:0.003351s ]
SQL: SELECT * FROM `sp_book` WHERE ( `title` LIKE '%算法%' )  [ RunTime:0.000610s ]
INFO: [ app_end ] --START--
INFO: Run Behavior\ShowPageTrace [ RunTime:0.000047s ]
INFO: [ app_end ] --END-- [ RunTime:0.000103s ]

[ 2014-02-22T18:48:52+08:00 ] ::1 /thinkphp/index.php/Home/Index/search
INFO: [ app_init ] --START--
INFO: [ app_init ] --END-- [ RunTime:0.000416s ]
INFO: [ path_info ] --START--
INFO: [ path_info ] --END-- [ RunTime:0.000027s ]
INFO: [ app_begin ] --START--
INFO: Run Behavior\ReadHtmlCache [ RunTime:0.000050s ]
INFO: [ app_begin ] --END-- [ RunTime:0.000108s ]
INFO: [ action_begin ] --START--
INFO: [ action_begin ] --END-- [ RunTime:0.000029s ]
NOTIC: [8] Use of undefined constant bookname - assumed 'bookname' F:\xampp\htdocs\thinkphp\Application\Home\Controller\IndexController.class.php 第 36 行.
SQL: SHOW COLUMNS FROM `sp_book` [ RunTime:0.004944s ]
SQL: SELECT * FROM `sp_book` WHERE ( `title` LIKE '%算法%' )  [ RunTime:0.000719s ]
INFO: [ app_end ] --START--
INFO: Run Behavior\ShowPageTrace [ RunTime:0.000078s ]
INFO: [ app_end ] --END-- [ RunTime:0.000179s ]

[ 2014-02-22T18:49:51+08:00 ] ::1 /thinkphp/index.php/Home/Index/search
INFO: [ app_init ] --START--
INFO: [ app_init ] --END-- [ RunTime:0.000590s ]
INFO: [ path_info ] --START--
INFO: [ path_info ] --END-- [ RunTime:0.000037s ]
INFO: [ app_begin ] --START--
INFO: Run Behavior\ReadHtmlCache [ RunTime:0.000069s ]
INFO: [ app_begin ] --END-- [ RunTime:0.000152s ]
INFO: [ action_begin ] --START--
INFO: [ action_begin ] --END-- [ RunTime:0.000032s ]
NOTIC: [8] Use of undefined constant bookname - assumed 'bookname' F:\xampp\htdocs\thinkphp\Application\Home\Controller\IndexController.class.php 第 36 行.
SQL: SHOW COLUMNS FROM `sp_book` [ RunTime:0.005653s ]
SQL: SELECT * FROM `sp_book` WHERE ( `title` LIKE '%算法%' )  [ RunTime:0.000786s ]
INFO: [ app_end ] --START--
INFO: Run Behavior\ShowPageTrace [ RunTime:0.000084s ]
INFO: [ app_end ] --END-- [ RunTime:0.000449s ]

[ 2014-02-22T18:49:57+08:00 ] ::1 /thinkphp/index.php/Home/Index/search
INFO: [ app_init ] --START--
INFO: [ app_init ] --END-- [ RunTime:0.000391s ]
INFO: [ path_info ] --START--
INFO: [ path_info ] --END-- [ RunTime:0.000026s ]
INFO: [ app_begin ] --START--
INFO: Run Behavior\ReadHtmlCache [ RunTime:0.000049s ]
INFO: [ app_begin ] --END-- [ RunTime:0.000105s ]
INFO: [ action_begin ] --START--
INFO: [ action_begin ] --END-- [ RunTime:0.000029s ]
NOTIC: [8] Use of undefined constant bookname - assumed 'bookname' F:\xampp\htdocs\thinkphp\Application\Home\Controller\IndexController.class.php 第 36 行.
SQL: SHOW COLUMNS FROM `sp_book` [ RunTime:0.005450s ]
SQL: SELECT * FROM `sp_book` WHERE ( `title` LIKE '%算法%' )  [ RunTime:0.000738s ]
INFO: [ app_end ] --START--
INFO: Run Behavior\ShowPageTrace [ RunTime:0.000088s ]
INFO: [ app_end ] --END-- [ RunTime:0.000197s ]

[ 2014-02-22T18:55:16+08:00 ] ::1 /thinkphp/index.php/Home/Index/search
INFO: [ app_init ] --START--
INFO: [ app_init ] --END-- [ RunTime:0.000433s ]
INFO: [ path_info ] --START--
INFO: [ path_info ] --END-- [ RunTime:0.000035s ]
INFO: [ app_begin ] --START--
INFO: Run Behavior\ReadHtmlCache [ RunTime:0.000051s ]
INFO: [ app_begin ] --END-- [ RunTime:0.000108s ]
INFO: [ action_begin ] --START--
INFO: [ action_begin ] --END-- [ RunTime:0.000033s ]
NOTIC: [8] Use of undefined constant bookname - assumed 'bookname' F:\xampp\htdocs\thinkphp\Application\Home\Controller\IndexController.class.php 第 36 行.
SQL: SHOW COLUMNS FROM `sp_book` [ RunTime:0.005576s ]
SQL: SELECT * FROM `sp_book` WHERE ( `title` LIKE '%算法%' )  [ RunTime:0.003277s ]
INFO: [ app_end ] --START--
INFO: Run Behavior\ShowPageTrace [ RunTime:0.000088s ]
INFO: [ app_end ] --END-- [ RunTime:0.000200s ]

[ 2014-02-22T18:55:25+08:00 ] ::1 /thinkphp/index.php/Home/Index/search
INFO: [ app_init ] --START--
INFO: [ app_init ] --END-- [ RunTime:0.000451s ]
INFO: [ path_info ] --START--
INFO: [ path_info ] --END-- [ RunTime:0.000026s ]
INFO: [ app_begin ] --START--
INFO: Run Behavior\ReadHtmlCache [ RunTime:0.000047s ]
INFO: [ app_begin ] --END-- [ RunTime:0.000104s ]
INFO: [ action_begin ] --START--
INFO: [ action_begin ] --END-- [ RunTime:0.000029s ]
NOTIC: [8] Use of undefined constant bookname - assumed 'bookname' F:\xampp\htdocs\thinkphp\Application\Home\Controller\IndexController.class.php 第 36 行.
SQL: SHOW COLUMNS FROM `sp_book` [ RunTime:0.005616s ]
SQL: SELECT * FROM `sp_book` WHERE ( `title` LIKE '%算法%' )  [ RunTime:0.000730s ]
INFO: [ app_end ] --START--
INFO: Run Behavior\ShowPageTrace [ RunTime:0.000114s ]
INFO: [ app_end ] --END-- [ RunTime:0.000220s ]

[ 2014-02-22T18:57:09+08:00 ] ::1 /thinkphp/index.php/Home/Index/search
INFO: [ app_init ] --START--
INFO: [ app_init ] --END-- [ RunTime:0.000380s ]
INFO: [ path_info ] --START--
INFO: [ path_info ] --END-- [ RunTime:0.000027s ]
INFO: [ app_begin ] --START--
INFO: Run Behavior\ReadHtmlCache [ RunTime:0.000050s ]
INFO: [ app_begin ] --END-- [ RunTime:0.000107s ]
INFO: [ action_begin ] --START--
INFO: [ action_begin ] --END-- [ RunTime:0.000031s ]
NOTIC: [8] Use of undefined constant bookname - assumed 'bookname' F:\xampp\htdocs\thinkphp\Application\Home\Controller\IndexController.class.php 第 36 行.
SQL: SHOW COLUMNS FROM `sp_book` [ RunTime:0.005425s ]
SQL: SELECT * FROM `sp_book` WHERE ( `title` LIKE '%算法%' )  [ RunTime:0.000730s ]
INFO: [ app_end ] --START--
INFO: Run Behavior\ShowPageTrace [ RunTime:0.000086s ]
INFO: [ app_end ] --END-- [ RunTime:0.000196s ]

[ 2014-02-22T18:57:21+08:00 ] ::1 /thinkphp/index.php/Home/Index/search
INFO: [ app_init ] --START--
INFO: [ app_init ] --END-- [ RunTime:0.000427s ]
INFO: [ path_info ] --START--
INFO: [ path_info ] --END-- [ RunTime:0.000027s ]
INFO: [ app_begin ] --START--
INFO: Run Behavior\ReadHtmlCache [ RunTime:0.000050s ]
INFO: [ app_begin ] --END-- [ RunTime:0.000108s ]
INFO: [ action_begin ] --START--
INFO: [ action_begin ] --END-- [ RunTime:0.000038s ]
NOTIC: [8] Use of undefined constant bookname - assumed 'bookname' F:\xampp\htdocs\thinkphp\Application\Home\Controller\IndexController.class.php 第 36 行.
SQL: SHOW COLUMNS FROM `sp_book` [ RunTime:0.005570s ]
SQL: SELECT * FROM `sp_book` WHERE ( `title` LIKE '%算法%' )  [ RunTime:0.000694s ]
INFO: [ app_end ] --START--
INFO: Run Behavior\ShowPageTrace [ RunTime:0.000086s ]
INFO: [ app_end ] --END-- [ RunTime:0.000222s ]

[ 2014-02-22T18:57:55+08:00 ] ::1 /thinkphp/index.php/Home/Index/search
INFO: [ app_init ] --START--
INFO: [ app_init ] --END-- [ RunTime:0.000386s ]
INFO: [ path_info ] --START--
INFO: [ path_info ] --END-- [ RunTime:0.000026s ]
INFO: [ app_begin ] --START--
INFO: Run Behavior\ReadHtmlCache [ RunTime:0.000048s ]
INFO: [ app_begin ] --END-- [ RunTime:0.000102s ]
INFO: [ action_begin ] --START--
INFO: [ action_begin ] --END-- [ RunTime:0.000035s ]
NOTIC: [8] Use of undefined constant bookname - assumed 'bookname' F:\xampp\htdocs\thinkphp\Application\Home\Controller\IndexController.class.php 第 36 行.
SQL: SHOW COLUMNS FROM `sp_book` [ RunTime:0.004970s ]
SQL: SELECT * FROM `sp_book` WHERE ( `title` LIKE '%算法%' )  [ RunTime:0.001023s ]
INFO: [ app_end ] --START--
INFO: Run Behavior\ShowPageTrace [ RunTime:0.000073s ]
INFO: [ app_end ] --END-- [ RunTime:0.000169s ]

[ 2014-02-22T18:58:39+08:00 ] ::1 /thinkphp/index.php/Home/Index/search
INFO: [ app_init ] --START--
INFO: [ app_init ] --END-- [ RunTime:0.000611s ]
INFO: [ path_info ] --START--
INFO: [ path_info ] --END-- [ RunTime:0.000036s ]
INFO: [ app_begin ] --START--
INFO: Run Behavior\ReadHtmlCache [ RunTime:0.000072s ]
INFO: [ app_begin ] --END-- [ RunTime:0.000155s ]
INFO: [ action_begin ] --START--
INFO: [ action_begin ] --END-- [ RunTime:0.000038s ]
NOTIC: [8] Use of undefined constant bookname - assumed 'bookname' F:\xampp\htdocs\thinkphp\Application\Home\Controller\IndexController.class.php 第 36 行.
SQL: SHOW COLUMNS FROM `sp_book` [ RunTime:0.005610s ]
SQL: SELECT * FROM `sp_book` WHERE ( `title` LIKE '%算法%' )  [ RunTime:0.000762s ]
INFO: [ app_end ] --START--
INFO: Run Behavior\ShowPageTrace [ RunTime:0.000086s ]
INFO: [ app_end ] --END-- [ RunTime:0.000195s ]

[ 2014-02-22T19:00:19+08:00 ] 192.168.1.100 /thinkphp/index.php/Home/index/search
INFO: [ app_init ] --START--
INFO: [ app_init ] --END-- [ RunTime:0.000854s ]
INFO: [ path_info ] --START--
INFO: [ path_info ] --END-- [ RunTime:0.000048s ]
INFO: [ app_begin ] --START--
INFO: Run Behavior\ReadHtmlCache [ RunTime:0.000084s ]
INFO: [ app_begin ] --END-- [ RunTime:0.000189s ]
INFO: [ action_begin ] --START--
INFO: [ action_begin ] --END-- [ RunTime:0.000028s ]
NOTIC: [8] Use of undefined constant bookname - assumed 'bookname' F:\xampp\htdocs\thinkphp\Application\Home\Controller\IndexController.class.php 第 36 行.
SQL: SHOW COLUMNS FROM `sp_book` [ RunTime:0.005408s ]
SQL: SELECT * FROM `sp_book` WHERE ( `title` LIKE '%算法%' )  [ RunTime:0.000760s ]
INFO: [ app_end ] --START--
INFO: Run Behavior\ShowPageTrace [ RunTime:0.000086s ]
INFO: [ app_end ] --END-- [ RunTime:0.000195s ]

[ 2014-02-22T19:08:24+08:00 ] ::1 /thinkphp/index.php/Home/Index/search
INFO: [ app_init ] --START--
INFO: [ app_init ] --END-- [ RunTime:0.000421s ]
INFO: [ path_info ] --START--
INFO: [ path_info ] --END-- [ RunTime:0.000026s ]
INFO: [ app_begin ] --START--
INFO: Run Behavior\ReadHtmlCache [ RunTime:0.000049s ]
INFO: [ app_begin ] --END-- [ RunTime:0.000107s ]
INFO: [ action_begin ] --START--
INFO: [ action_begin ] --END-- [ RunTime:0.000111s ]
NOTIC: [8] Use of undefined constant bookname - assumed 'bookname' F:\xampp\htdocs\thinkphp\Application\Home\Controller\IndexController.class.php 第 36 行.
SQL: SHOW COLUMNS FROM `sp_book` [ RunTime:0.005471s ]
SQL: SELECT * FROM `sp_book` WHERE ( `title` LIKE '%算法%' )  [ RunTime:0.000798s ]
INFO: [ app_end ] --START--
INFO: Run Behavior\ShowPageTrace [ RunTime:0.000086s ]
INFO: [ app_end ] --END-- [ RunTime:0.000195s ]

[ 2014-02-22T19:21:16+08:00 ] 192.168.1.100 /thinkphp/index.php/Home/index/search
INFO: [ app_init ] --START--
INFO: [ app_init ] --END-- [ RunTime:0.017715s ]
INFO: [ path_info ] --START--
INFO: [ path_info ] --END-- [ RunTime:0.000046s ]
INFO: [ app_begin ] --START--
INFO: Run Behavior\ReadHtmlCache [ RunTime:0.000089s ]
INFO: [ app_begin ] --END-- [ RunTime:0.000197s ]
INFO: [ action_begin ] --START--
INFO: [ action_begin ] --END-- [ RunTime:0.000058s ]
NOTIC: [8] Use of undefined constant bookname - assumed 'bookname' F:\xampp\htdocs\thinkphp\Application\Home\Controller\IndexController.class.php 第 36 行.
SQL: SHOW COLUMNS FROM `sp_book` [ RunTime:0.020453s ]
SQL: SELECT * FROM `sp_book` WHERE ( `title` LIKE '%算法%' )  [ RunTime:0.005595s ]
INFO: [ app_end ] --START--
INFO: Run Behavior\ShowPageTrace [ RunTime:0.000074s ]
INFO: [ app_end ] --END-- [ RunTime:0.000173s ]

[ 2014-02-22T19:28:20+08:00 ] 192.168.1.108 /thinkphp/index.php/Home
INFO: [ app_init ] --START--
INFO: [ app_init ] --END-- [ RunTime:0.000793s ]
INFO: [ app_begin ] --START--
INFO: Run Behavior\ReadHtmlCache [ RunTime:0.000051s ]
INFO: [ app_begin ] --END-- [ RunTime:0.000108s ]
INFO: [ action_begin ] --START--
INFO: [ action_begin ] --END-- [ RunTime:0.000030s ]
INFO: [ view_begin ] --START--
INFO: [ view_begin ] --END-- [ RunTime:0.000022s ]
INFO: [ view_parse ] --START--
INFO: [ template_filter ] --START--
INFO: Run Behavior\ContentReplace [ RunTime:0.000063s ]
INFO: [ template_filter ] --END-- [ RunTime:0.000138s ]
INFO: Run Behavior\ParseTemplate [ RunTime:0.034250s ]
INFO: [ view_parse ] --END-- [ RunTime:0.034320s ]
INFO: [ view_filter ] --START--
INFO: Run Behavior\WriteHtmlCache [ RunTime:0.000016s ]
INFO: [ view_filter ] --END-- [ RunTime:0.000064s ]
INFO: [ view_end ] --START--
INFO: [ view_end ] --END-- [ RunTime:0.000021s ]
INFO: [ app_end ] --START--
INFO: Run Behavior\ShowPageTrace [ RunTime:0.000040s ]
INFO: [ app_end ] --END-- [ RunTime:0.000085s ]

[ 2014-02-22T19:28:30+08:00 ] 192.168.1.108 /thinkphp/index.php/Home/Index/search
INFO: [ app_init ] --START--
INFO: [ app_init ] --END-- [ RunTime:0.000524s ]
INFO: [ path_info ] --START--
INFO: [ path_info ] --END-- [ RunTime:0.000026s ]
INFO: [ app_begin ] --START--
INFO: Run Behavior\ReadHtmlCache [ RunTime:0.000045s ]
INFO: [ app_begin ] --END-- [ RunTime:0.000101s ]
INFO: [ action_begin ] --START--
INFO: [ action_begin ] --END-- [ RunTime:0.000028s ]
NOTIC: [8] Use of undefined constant bookname - assumed 'bookname' F:\xampp\htdocs\thinkphp\Application\Home\Controller\IndexController.class.php 第 36 行.
SQL: SHOW COLUMNS FROM `sp_book` [ RunTime:0.004192s ]
SQL: SELECT * FROM `sp_book` WHERE ( `title` LIKE '%程序%' )  [ RunTime:0.000897s ]
INFO: [ app_end ] --START--
INFO: Run Behavior\ShowPageTrace [ RunTime:0.000085s ]
INFO: [ app_end ] --END-- [ RunTime:0.000195s ]

[ 2014-02-22T21:36:46+08:00 ] 182.138.127.175 /thinkphp/index.php/Home/index/search
INFO: [ app_init ] --START--
INFO: [ app_init ] --END-- [ RunTime:0.000538s ]
INFO: [ path_info ] --START--
INFO: [ path_info ] --END-- [ RunTime:0.000028s ]
INFO: [ app_begin ] --START--
INFO: Run Behavior\ReadHtmlCache [ RunTime:0.000048s ]
INFO: [ app_begin ] --END-- [ RunTime:0.000106s ]
INFO: [ action_begin ] --START--
INFO: [ action_begin ] --END-- [ RunTime:0.000029s ]
NOTIC: [8] Use of undefined constant bookname - assumed 'bookname' F:\xampp\htdocs\thinkphp\Application\Home\Controller\IndexController.class.php 第 36 行.
SQL: SHOW COLUMNS FROM `sp_book` [ RunTime:0.005855s ]
SQL: SELECT * FROM `sp_book` WHERE ( `title` LIKE '%算法%' )  [ RunTime:0.000768s ]
INFO: [ app_end ] --START--
INFO: Run Behavior\ShowPageTrace [ RunTime:0.000085s ]
INFO: [ app_end ] --END-- [ RunTime:0.000194s ]

[ 2014-02-22T21:38:42+08:00 ] 182.138.127.175 /thinkphp/index.php/Home/index/search
INFO: [ app_init ] --START--
INFO: [ app_init ] --END-- [ RunTime:0.000735s ]
INFO: [ path_info ] --START--
INFO: [ path_info ] --END-- [ RunTime:0.000044s ]
INFO: [ app_begin ] --START--
INFO: Run Behavior\ReadHtmlCache [ RunTime:0.000077s ]
INFO: [ app_begin ] --END-- [ RunTime:0.000224s ]
INFO: [ action_begin ] --START--
INFO: [ action_begin ] --END-- [ RunTime:0.000050s ]
NOTIC: [8] Use of undefined constant bookname - assumed 'bookname' F:\xampp\htdocs\thinkphp\Application\Home\Controller\IndexController.class.php 第 36 行.
SQL: SHOW COLUMNS FROM `sp_book` [ RunTime:0.005661s ]
SQL: SELECT * FROM `sp_book` WHERE ( `title` LIKE '%算法%' )  [ RunTime:0.000836s ]
INFO: [ app_end ] --START--
INFO: Run Behavior\ShowPageTrace [ RunTime:0.000085s ]
INFO: [ app_end ] --END-- [ RunTime:0.000203s ]

[ 2014-02-22T21:47:31+08:00 ] 182.138.127.175 /thinkphp/index.php/Home/index/search
INFO: [ app_init ] --START--
INFO: [ app_init ] --END-- [ RunTime:0.000911s ]
INFO: [ path_info ] --START--
INFO: [ path_info ] --END-- [ RunTime:0.000048s ]
INFO: [ app_begin ] --START--
INFO: Run Behavior\ReadHtmlCache [ RunTime:0.000048s ]
INFO: [ app_begin ] --END-- [ RunTime:0.000107s ]
INFO: [ action_begin ] --START--
INFO: [ action_begin ] --END-- [ RunTime:0.000030s ]
NOTIC: [8] Use of undefined constant bookname - assumed 'bookname' F:\xampp\htdocs\thinkphp\Application\Home\Controller\IndexController.class.php 第 36 行.
SQL: SHOW COLUMNS FROM `sp_book` [ RunTime:0.008862s ]
SQL: SELECT * FROM `sp_book` WHERE ( `title` LIKE '%算法%' )  [ RunTime:0.000790s ]
INFO: [ app_end ] --START--
INFO: Run Behavior\ShowPageTrace [ RunTime:0.000078s ]
INFO: [ app_end ] --END-- [ RunTime:0.000176s ]

[ 2014-02-22T21:50:55+08:00 ] 182.138.127.175 /thinkphp/index.php/Home/index/search
INFO: [ app_init ] --START--
INFO: [ app_init ] --END-- [ RunTime:0.000788s ]
INFO: [ path_info ] --START--
INFO: [ path_info ] --END-- [ RunTime:0.000044s ]
INFO: [ app_begin ] --START--
INFO: Run Behavior\ReadHtmlCache [ RunTime:0.000079s ]
INFO: [ app_begin ] --END-- [ RunTime:0.000178s ]
INFO: [ action_begin ] --START--
INFO: [ action_begin ] --END-- [ RunTime:0.000059s ]
NOTIC: [8] Use of undefined constant bookname - assumed 'bookname' F:\xampp\htdocs\thinkphp\Application\Home\Controller\IndexController.class.php 第 36 行.
SQL: SHOW COLUMNS FROM `sp_book` [ RunTime:0.005062s ]
SQL: SELECT * FROM `sp_book` WHERE ( `title` LIKE '%算法%' )  [ RunTime:0.000692s ]
INFO: [ app_end ] --START--
INFO: Run Behavior\ShowPageTrace [ RunTime:0.000074s ]
INFO: [ app_end ] --END-- [ RunTime:0.000165s ]

[ 2014-02-22T22:02:29+08:00 ] 182.138.127.175 /thinkphp/index.php/Home/index/search
INFO: [ app_init ] --START--
INFO: [ app_init ] --END-- [ RunTime:0.000806s ]
INFO: [ path_info ] --START--
INFO: [ path_info ] --END-- [ RunTime:0.000048s ]
INFO: [ app_begin ] --START--
INFO: Run Behavior\ReadHtmlCache [ RunTime:0.000084s ]
INFO: [ app_begin ] --END-- [ RunTime:0.000189s ]
INFO: [ action_begin ] --START--
INFO: [ action_begin ] --END-- [ RunTime:0.000053s ]
NOTIC: [8] Use of undefined constant bookname - assumed 'bookname' F:\xampp\htdocs\thinkphp\Application\Home\Controller\IndexController.class.php 第 36 行.
SQL: SHOW COLUMNS FROM `sp_book` [ RunTime:0.005839s ]
SQL: SELECT * FROM `sp_book` WHERE ( `title` LIKE '%算法%' )  [ RunTime:0.000777s ]
INFO: [ app_end ] --START--
INFO: Run Behavior\ShowPageTrace [ RunTime:0.000084s ]
INFO: [ app_end ] --END-- [ RunTime:0.000193s ]

[ 2014-02-22T22:14:26+08:00 ] 182.138.127.175 /thinkphp/index.php/Home/index/search
INFO: [ app_init ] --START--
INFO: [ app_init ] --END-- [ RunTime:0.000836s ]
INFO: [ path_info ] --START--
INFO: [ path_info ] --END-- [ RunTime:0.000049s ]
INFO: [ app_begin ] --START--
INFO: Run Behavior\ReadHtmlCache [ RunTime:0.000084s ]
INFO: [ app_begin ] --END-- [ RunTime:0.000189s ]
INFO: [ action_begin ] --START--
INFO: [ action_begin ] --END-- [ RunTime:0.000055s ]
NOTIC: [8] Use of undefined constant bookname - assumed 'bookname' F:\xampp\htdocs\thinkphp\Application\Home\Controller\IndexController.class.php 第 36 行.
SQL: SHOW COLUMNS FROM `sp_book` [ RunTime:0.005693s ]
SQL: SELECT * FROM `sp_book` WHERE ( `title` LIKE '%算法%' )  [ RunTime:0.000787s ]
INFO: [ app_end ] --START--
INFO: Run Behavior\ShowPageTrace [ RunTime:0.000085s ]
INFO: [ app_end ] --END-- [ RunTime:0.000194s ]

[ 2014-02-22T22:17:32+08:00 ] 182.138.127.175 /thinkphp/index.php/Home/index/search
INFO: [ app_init ] --START--
INFO: [ app_init ] --END-- [ RunTime:0.000658s ]
INFO: [ path_info ] --START--
INFO: [ path_info ] --END-- [ RunTime:0.000045s ]
INFO: [ app_begin ] --START--
INFO: Run Behavior\ReadHtmlCache [ RunTime:0.000081s ]
INFO: [ app_begin ] --END-- [ RunTime:0.000176s ]
INFO: [ action_begin ] --START--
INFO: [ action_begin ] --END-- [ RunTime:0.000052s ]
NOTIC: [8] Use of undefined constant bookname - assumed 'bookname' F:\xampp\htdocs\thinkphp\Application\Home\Controller\IndexController.class.php 第 36 行.
SQL: SHOW COLUMNS FROM `sp_book` [ RunTime:0.005453s ]
SQL: SELECT * FROM `sp_book` WHERE ( `title` LIKE '%算法%' )  [ RunTime:0.000817s ]
INFO: [ app_end ] --START--
INFO: Run Behavior\ShowPageTrace [ RunTime:0.000085s ]
INFO: [ app_end ] --END-- [ RunTime:0.000194s ]

[ 2014-02-22T22:18:21+08:00 ] 182.138.127.175 /thinkphp/index.php/Home/index/search
INFO: [ app_init ] --START--
INFO: [ app_init ] --END-- [ RunTime:0.000696s ]
INFO: [ path_info ] --START--
INFO: [ path_info ] --END-- [ RunTime:0.000048s ]
INFO: [ app_begin ] --START--
INFO: Run Behavior\ReadHtmlCache [ RunTime:0.000098s ]
INFO: [ app_begin ] --END-- [ RunTime:0.000199s ]
INFO: [ action_begin ] --START--
INFO: [ action_begin ] --END-- [ RunTime:0.000054s ]
NOTIC: [8] Use of undefined constant bookname - assumed 'bookname' F:\xampp\htdocs\thinkphp\Application\Home\Controller\IndexController.class.php 第 36 行.
SQL: SHOW COLUMNS FROM `sp_book` [ RunTime:0.005330s ]
SQL: SELECT * FROM `sp_book` WHERE ( `title` LIKE '%算法%' )  [ RunTime:0.000702s ]
INFO: [ app_end ] --START--
INFO: Run Behavior\ShowPageTrace [ RunTime:0.000072s ]
INFO: [ app_end ] --END-- [ RunTime:0.000163s ]

[ 2014-02-22T22:20:09+08:00 ] 182.138.127.175 /thinkphp/index.php/Home/index/search
INFO: [ app_init ] --START--
INFO: [ app_init ] --END-- [ RunTime:0.000756s ]
INFO: [ path_info ] --START--
INFO: [ path_info ] --END-- [ RunTime:0.000045s ]
INFO: [ app_begin ] --START--
INFO: Run Behavior\ReadHtmlCache [ RunTime:0.000077s ]
INFO: [ app_begin ] --END-- [ RunTime:0.000174s ]
INFO: [ action_begin ] --START--
INFO: [ action_begin ] --END-- [ RunTime:0.000048s ]
NOTIC: [8] Use of undefined constant bookname - assumed 'bookname' F:\xampp\htdocs\thinkphp\Application\Home\Controller\IndexController.class.php 第 36 行.
SQL: SHOW COLUMNS FROM `sp_book` [ RunTime:0.020148s ]
SQL: SELECT * FROM `sp_book` WHERE ( `title` LIKE '%算法%' )  [ RunTime:0.000784s ]
INFO: [ app_end ] --START--
INFO: Run Behavior\ShowPageTrace [ RunTime:0.000085s ]
INFO: [ app_end ] --END-- [ RunTime:0.000195s ]

[ 2014-02-22T22:23:48+08:00 ] 182.138.127.175 /thinkphp/index.php/Home/index/search
INFO: [ app_init ] --START--
INFO: [ app_init ] --END-- [ RunTime:0.000588s ]
INFO: [ path_info ] --START--
INFO: [ path_info ] --END-- [ RunTime:0.000026s ]
INFO: [ app_begin ] --START--
INFO: Run Behavior\ReadHtmlCache [ RunTime:0.000048s ]
INFO: [ app_begin ] --END-- [ RunTime:0.000106s ]
INFO: [ action_begin ] --START--
INFO: [ action_begin ] --END-- [ RunTime:0.000031s ]
NOTIC: [8] Use of undefined constant bookname - assumed 'bookname' F:\xampp\htdocs\thinkphp\Application\Home\Controller\IndexController.class.php 第 36 行.
SQL: SHOW COLUMNS FROM `sp_book` [ RunTime:0.005635s ]
SQL: SELECT * FROM `sp_book` WHERE ( `title` LIKE '%算法%' )  [ RunTime:0.000786s ]
INFO: [ app_end ] --START--
INFO: Run Behavior\ShowPageTrace [ RunTime:0.000085s ]
INFO: [ app_end ] --END-- [ RunTime:0.000195s ]

[ 2014-02-22T22:28:57+08:00 ] 182.138.127.175 /thinkphp/index.php/Home/index/search
INFO: [ app_init ] --START--
INFO: [ app_init ] --END-- [ RunTime:0.000614s ]
INFO: [ path_info ] --START--
INFO: [ path_info ] --END-- [ RunTime:0.000035s ]
INFO: [ app_begin ] --START--
INFO: Run Behavior\ReadHtmlCache [ RunTime:0.000062s ]
INFO: [ app_begin ] --END-- [ RunTime:0.000137s ]
INFO: [ action_begin ] --START--
INFO: [ action_begin ] --END-- [ RunTime:0.000039s ]
NOTIC: [8] Use of undefined constant bookname - assumed 'bookname' F:\xampp\htdocs\thinkphp\Application\Home\Controller\IndexController.class.php 第 36 行.
SQL: SHOW COLUMNS FROM `sp_book` [ RunTime:0.005813s ]
SQL: SELECT * FROM `sp_book` WHERE ( `title` LIKE '%算法%' )  [ RunTime:0.000809s ]
INFO: [ app_end ] --START--
INFO: Run Behavior\ShowPageTrace [ RunTime:0.000086s ]
INFO: [ app_end ] --END-- [ RunTime:0.000195s ]

[ 2014-02-22T22:29:02+08:00 ] 182.138.127.175 /thinkphp/index.php/Home/index/search
INFO: [ app_init ] --START--
INFO: [ app_init ] --END-- [ RunTime:0.000806s ]
INFO: [ path_info ] --START--
INFO: [ path_info ] --END-- [ RunTime:0.000048s ]
INFO: [ app_begin ] --START--
INFO: Run Behavior\ReadHtmlCache [ RunTime:0.000082s ]
INFO: [ app_begin ] --END-- [ RunTime:0.000183s ]
INFO: [ action_begin ] --START--
INFO: [ action_begin ] --END-- [ RunTime:0.000051s ]
NOTIC: [8] Use of undefined constant bookname - assumed 'bookname' F:\xampp\htdocs\thinkphp\Application\Home\Controller\IndexController.class.php 第 36 行.
SQL: SHOW COLUMNS FROM `sp_book` [ RunTime:0.005502s ]
SQL: SELECT * FROM `sp_book` WHERE ( `title` LIKE '%算法%' )  [ RunTime:0.000808s ]
INFO: [ app_end ] --START--
INFO: Run Behavior\ShowPageTrace [ RunTime:0.000087s ]
INFO: [ app_end ] --END-- [ RunTime:0.000196s ]

[ 2014-02-22T22:48:59+08:00 ] 182.138.127.175 /thinkphp/index.php/Home/index/search
INFO: [ app_init ] --START--
INFO: [ app_init ] --END-- [ RunTime:0.000841s ]
INFO: [ path_info ] --START--
INFO: [ path_info ] --END-- [ RunTime:0.000049s ]
INFO: [ app_begin ] --START--
INFO: Run Behavior\ReadHtmlCache [ RunTime:0.000085s ]
INFO: [ app_begin ] --END-- [ RunTime:0.000192s ]
INFO: [ action_begin ] --START--
INFO: [ action_begin ] --END-- [ RunTime:0.000059s ]
NOTIC: [8] Use of undefined constant bookname - assumed 'bookname' F:\xampp\htdocs\thinkphp\Application\Home\Controller\IndexController.class.php 第 36 行.
SQL: SHOW COLUMNS FROM `sp_book` [ RunTime:0.005599s ]
SQL: SELECT * FROM `sp_book` WHERE ( `title` LIKE '%算法%' )  [ RunTime:0.000797s ]
INFO: [ app_end ] --START--
INFO: Run Behavior\ShowPageTrace [ RunTime:0.000085s ]
INFO: [ app_end ] --END-- [ RunTime:0.000194s ]

[ 2014-02-22T22:49:25+08:00 ] 182.138.127.175 /thinkphp/index.php/Home/index/search
INFO: [ app_init ] --START--
INFO: [ app_init ] --END-- [ RunTime:0.000741s ]
INFO: [ path_info ] --START--
INFO: [ path_info ] --END-- [ RunTime:0.000044s ]
INFO: [ app_begin ] --START--
INFO: Run Behavior\ReadHtmlCache [ RunTime:0.000076s ]
INFO: [ app_begin ] --END-- [ RunTime:0.000170s ]
INFO: [ action_begin ] --START--
INFO: [ action_begin ] --END-- [ RunTime:0.000048s ]
NOTIC: [8] Use of undefined constant bookname - assumed 'bookname' F:\xampp\htdocs\thinkphp\Application\Home\Controller\IndexController.class.php 第 36 行.
SQL: SHOW COLUMNS FROM `sp_book` [ RunTime:0.005829s ]
SQL: SELECT * FROM `sp_book` WHERE ( `title` LIKE '%算法%' )  [ RunTime:0.000761s ]
INFO: [ app_end ] --START--
INFO: Run Behavior\ShowPageTrace [ RunTime:0.000084s ]
INFO: [ app_end ] --END-- [ RunTime:0.000192s ]

[ 2014-02-22T22:51:11+08:00 ] 182.138.127.175 /thinkphp/index.php/Home/index/search
INFO: [ app_init ] --START--
INFO: [ app_init ] --END-- [ RunTime:0.000592s ]
INFO: [ path_info ] --START--
INFO: [ path_info ] --END-- [ RunTime:0.000027s ]
INFO: [ app_begin ] --START--
INFO: Run Behavior\ReadHtmlCache [ RunTime:0.000047s ]
INFO: [ app_begin ] --END-- [ RunTime:0.000106s ]
INFO: [ action_begin ] --START--
INFO: [ action_begin ] --END-- [ RunTime:0.000030s ]
NOTIC: [8] Use of undefined constant bookname - assumed 'bookname' F:\xampp\htdocs\thinkphp\Application\Home\Controller\IndexController.class.php 第 36 行.
SQL: SHOW COLUMNS FROM `sp_book` [ RunTime:0.005624s ]
SQL: SELECT * FROM `sp_book` WHERE ( `title` LIKE '%算法%' )  [ RunTime:0.000776s ]
INFO: [ app_end ] --START--
INFO: Run Behavior\ShowPageTrace [ RunTime:0.000078s ]
INFO: [ app_end ] --END-- [ RunTime:0.000177s ]

[ 2014-02-22T22:53:37+08:00 ] 182.138.127.175 /thinkphp/index.php/Home/index/search
INFO: [ app_init ] --START--
INFO: [ app_init ] --END-- [ RunTime:0.000849s ]
INFO: [ path_info ] --START--
INFO: [ path_info ] --END-- [ RunTime:0.000048s ]
INFO: [ app_begin ] --START--
INFO: Run Behavior\ReadHtmlCache [ RunTime:0.000084s ]
INFO: [ app_begin ] --END-- [ RunTime:0.000189s ]
INFO: [ action_begin ] --START--
INFO: [ action_begin ] --END-- [ RunTime:0.000055s ]
NOTIC: [8] Use of undefined constant bookname - assumed 'bookname' F:\xampp\htdocs\thinkphp\Application\Home\Controller\IndexController.class.php 第 36 行.
SQL: SHOW COLUMNS FROM `sp_book` [ RunTime:0.005496s ]
SQL: SELECT * FROM `sp_book` WHERE ( `title` LIKE '%算法%' )  [ RunTime:0.000793s ]
INFO: [ app_end ] --START--
INFO: Run Behavior\ShowPageTrace [ RunTime:0.000085s ]
INFO: [ app_end ] --END-- [ RunTime:0.000194s ]

[ 2014-02-22T22:57:24+08:00 ] 182.138.127.175 /thinkphp/index.php/Home/index/search
INFO: [ app_init ] --START--
INFO: [ app_init ] --END-- [ RunTime:0.000615s ]
INFO: [ path_info ] --START--
INFO: [ path_info ] --END-- [ RunTime:0.000026s ]
INFO: [ app_begin ] --START--
INFO: Run Behavior\ReadHtmlCache [ RunTime:0.000049s ]
INFO: [ app_begin ] --END-- [ RunTime:0.000109s ]
INFO: [ action_begin ] --START--
INFO: [ action_begin ] --END-- [ RunTime:0.000040s ]
NOTIC: [8] Use of undefined constant bookname - assumed 'bookname' F:\xampp\htdocs\thinkphp\Application\Home\Controller\IndexController.class.php 第 36 行.
SQL: SHOW COLUMNS FROM `sp_book` [ RunTime:0.005714s ]
SQL: SELECT * FROM `sp_book` WHERE ( `title` LIKE '%算法%' )  [ RunTime:0.000755s ]
INFO: [ app_end ] --START--
INFO: Run Behavior\ShowPageTrace [ RunTime:0.000123s ]
INFO: [ app_end ] --END-- [ RunTime:0.000234s ]

[ 2014-02-22T23:00:02+08:00 ] 182.138.127.175 /thinkphp/index.php/Home/index/search
INFO: [ app_init ] --START--
INFO: [ app_init ] --END-- [ RunTime:0.000717s ]
INFO: [ path_info ] --START--
INFO: [ path_info ] --END-- [ RunTime:0.000044s ]
INFO: [ app_begin ] --START--
INFO: Run Behavior\ReadHtmlCache [ RunTime:0.000048s ]
INFO: [ app_begin ] --END-- [ RunTime:0.000106s ]
INFO: [ action_begin ] --START--
INFO: [ action_begin ] --END-- [ RunTime:0.000029s ]
NOTIC: [8] Use of undefined constant bookname - assumed 'bookname' F:\xampp\htdocs\thinkphp\Application\Home\Controller\IndexController.class.php 第 36 行.
SQL: SHOW COLUMNS FROM `sp_book` [ RunTime:0.005616s ]
SQL: SELECT * FROM `sp_book` WHERE ( `title` LIKE '%算法%' )  [ RunTime:0.000731s ]
INFO: [ app_end ] --START--
INFO: Run Behavior\ShowPageTrace [ RunTime:0.000071s ]
INFO: [ app_end ] --END-- [ RunTime:0.000162s ]

[ 2014-02-22T23:00:51+08:00 ] 182.138.127.175 /thinkphp/index.php/Home/index/search
INFO: [ app_init ] --START--
INFO: [ app_init ] --END-- [ RunTime:0.000807s ]
INFO: [ path_info ] --START--
INFO: [ path_info ] --END-- [ RunTime:0.000047s ]
INFO: [ app_begin ] --START--
INFO: Run Behavior\ReadHtmlCache [ RunTime:0.000083s ]
INFO: [ app_begin ] --END-- [ RunTime:0.000184s ]
INFO: [ action_begin ] --START--
INFO: [ action_begin ] --END-- [ RunTime:0.000058s ]
NOTIC: [8] Use of undefined constant bookname - assumed 'bookname' F:\xampp\htdocs\thinkphp\Application\Home\Controller\IndexController.class.php 第 36 行.
SQL: SHOW COLUMNS FROM `sp_book` [ RunTime:0.006049s ]
SQL: SELECT * FROM `sp_book` WHERE ( `title` LIKE '%算法%' )  [ RunTime:0.001147s ]
INFO: [ app_end ] --START--
INFO: Run Behavior\ShowPageTrace [ RunTime:0.000073s ]
INFO: [ app_end ] --END-- [ RunTime:0.000164s ]

[ 2014-02-22T23:08:14+08:00 ] 182.138.127.175 /thinkphp/index.php/Home/index/search
INFO: [ app_init ] --START--
INFO: [ app_init ] --END-- [ RunTime:0.000893s ]
INFO: [ path_info ] --START--
INFO: [ path_info ] --END-- [ RunTime:0.000048s ]
INFO: [ app_begin ] --START--
INFO: Run Behavior\ReadHtmlCache [ RunTime:0.000084s ]
INFO: [ app_begin ] --END-- [ RunTime:0.000244s ]
INFO: [ action_begin ] --START--
INFO: [ action_begin ] --END-- [ RunTime:0.000051s ]
NOTIC: [8] Use of undefined constant bookname - assumed 'bookname' F:\xampp\htdocs\thinkphp\Application\Home\Controller\IndexController.class.php 第 36 行.
SQL: SHOW COLUMNS FROM `sp_book` [ RunTime:0.005646s ]
SQL: SELECT * FROM `sp_book` WHERE ( `title` LIKE '%算法%' )  [ RunTime:0.000812s ]
INFO: [ app_end ] --START--
INFO: Run Behavior\ShowPageTrace [ RunTime:0.000164s ]
INFO: [ app_end ] --END-- [ RunTime:0.000275s ]

