[ 2014-02-02T22:07:51+08:00 ] ::1 /thinkphp/index.php/Home/Index/index
INFO: [ app_init ] --START--
INFO: [ app_init ] --END-- [ RunTime:0.007935s ]
INFO: [ path_info ] --START--
INFO: [ path_info ] --END-- [ RunTime:0.000049s ]
INFO: [ app_begin ] --START--
INFO: Run Behavior\ReadHtmlCache [ RunTime:0.000133s ]
INFO: [ app_begin ] --END-- [ RunTime:0.000226s ]
INFO: [ action_begin ] --START--
INFO: [ action_begin ] --END-- [ RunTime:0.000067s ]
INFO: [ view_begin ] --START--
INFO: [ view_begin ] --END-- [ RunTime:0.000060s ]
INFO: [ view_parse ] --START--
INFO: [ template_filter ] --START--
INFO: Run Behavior\ContentReplace [ RunTime:0.000111s ]
INFO: [ template_filter ] --END-- [ RunTime:0.000247s ]
INFO: Run Behavior\ParseTemplate [ RunTime:0.030357s ]
INFO: [ view_parse ] --END-- [ RunTime:0.030501s ]
INFO: [ view_filter ] --START--
INFO: Run Behavior\WriteHtmlCache [ RunTime:0.000030s ]
INFO: [ view_filter ] --END-- [ RunTime:0.000120s ]
INFO: [ view_end ] --START--
INFO: [ view_end ] --END-- [ RunTime:0.000038s ]
INFO: [ app_end ] --START--
INFO: Run Behavior\ShowPageTrace [ RunTime:0.000074s ]
INFO: [ app_end ] --END-- [ RunTime:0.000162s ]

[ 2014-02-02T22:07:57+08:00 ] ::1 /thinkphp/index.php/RegLog
INFO: [ app_init ] --START--
INFO: [ app_init ] --END-- [ RunTime:0.000430s ]
INFO: [ app_begin ] --START--
INFO: Run Behavior\ReadHtmlCache [ RunTime:0.000052s ]
INFO: [ app_begin ] --END-- [ RunTime:0.000114s ]
INFO: [ action_begin ] --START--
INFO: [ action_begin ] --END-- [ RunTime:0.000030s ]
INFO: [ view_begin ] --START--
INFO: [ view_begin ] --END-- [ RunTime:0.000023s ]
INFO: [ view_parse ] --START--
INFO: [ template_filter ] --START--
INFO: Run Behavior\ContentReplace [ RunTime:0.000113s ]
INFO: [ template_filter ] --END-- [ RunTime:0.000214s ]
INFO: Run Behavior\ParseTemplate [ RunTime:0.183638s ]
INFO: [ view_parse ] --END-- [ RunTime:0.183769s ]
INFO: [ view_filter ] --START--
INFO: Run Behavior\WriteHtmlCache [ RunTime:0.000037s ]
INFO: [ view_filter ] --END-- [ RunTime:0.000139s ]
INFO: [ view_end ] --START--
INFO: [ view_end ] --END-- [ RunTime:0.000043s ]
INFO: [ app_end ] --START--
INFO: Run Behavior\ShowPageTrace [ RunTime:0.000082s ]
INFO: [ app_end ] --END-- [ RunTime:0.000243s ]

[ 2014-02-02T22:11:47+08:00 ] ::1 /thinkphp/index.php/RegLog
INFO: [ app_init ] --START--
INFO: [ app_init ] --END-- [ RunTime:0.000609s ]
INFO: [ app_begin ] --START--
INFO: Run Behavior\ReadHtmlCache [ RunTime:0.000057s ]
INFO: [ app_begin ] --END-- [ RunTime:0.000125s ]
INFO: [ action_begin ] --START--
INFO: [ action_begin ] --END-- [ RunTime:0.000034s ]
INFO: [ view_begin ] --START--
INFO: [ view_begin ] --END-- [ RunTime:0.000024s ]
INFO: [ view_parse ] --START--
INFO: [ template_filter ] --START--
INFO: Run Behavior\ContentReplace [ RunTime:0.000068s ]
INFO: [ template_filter ] --END-- [ RunTime:0.000152s ]
INFO: Run Behavior\ParseTemplate [ RunTime:0.007389s ]
INFO: [ view_parse ] --END-- [ RunTime:0.007452s ]
INFO: [ view_filter ] --START--
INFO: Run Behavior\WriteHtmlCache [ RunTime:0.000017s ]
INFO: [ view_filter ] --END-- [ RunTime:0.000065s ]
INFO: [ view_end ] --START--
INFO: [ view_end ] --END-- [ RunTime:0.000021s ]
INFO: [ app_end ] --START--
INFO: Run Behavior\ShowPageTrace [ RunTime:0.000040s ]
INFO: [ app_end ] --END-- [ RunTime:0.000094s ]

[ 2014-02-02T22:13:03+08:00 ] ::1 /thinkphp/index.php/RegLog
INFO: [ app_init ] --START--
INFO: [ app_init ] --END-- [ RunTime:0.000602s ]
INFO: [ app_begin ] --START--
INFO: Run Behavior\ReadHtmlCache [ RunTime:0.000086s ]
INFO: [ app_begin ] --END-- [ RunTime:0.000185s ]
INFO: [ action_begin ] --START--
INFO: [ action_begin ] --END-- [ RunTime:0.000033s ]
INFO: [ view_begin ] --START--
INFO: [ view_begin ] --END-- [ RunTime:0.000022s ]
INFO: [ view_parse ] --START--
INFO: [ template_filter ] --START--
INFO: Run Behavior\ContentReplace [ RunTime:0.000064s ]
INFO: [ template_filter ] --END-- [ RunTime:0.000139s ]
INFO: Run Behavior\ParseTemplate [ RunTime:0.006606s ]
INFO: [ view_parse ] --END-- [ RunTime:0.006667s ]
INFO: [ view_filter ] --START--
INFO: Run Behavior\WriteHtmlCache [ RunTime:0.000016s ]
INFO: [ view_filter ] --END-- [ RunTime:0.000065s ]
INFO: [ view_end ] --START--
INFO: [ view_end ] --END-- [ RunTime:0.000019s ]
INFO: [ app_end ] --START--
INFO: Run Behavior\ShowPageTrace [ RunTime:0.000040s ]
INFO: [ app_end ] --END-- [ RunTime:0.000087s ]

[ 2014-02-02T22:13:04+08:00 ] ::1 /thinkphp/index.php/RegLog/check
INFO: [ app_init ] --START--
INFO: [ app_init ] --END-- [ RunTime:0.000482s ]
INFO: [ path_info ] --START--
INFO: [ path_info ] --END-- [ RunTime:0.000028s ]
INFO: [ app_begin ] --START--
INFO: Run Behavior\ReadHtmlCache [ RunTime:0.000050s ]
INFO: [ app_begin ] --END-- [ RunTime:0.000105s ]
ERR: 无法加载控制器:check

[ 2014-02-02T22:13:53+08:00 ] ::1 /thinkphp/index.php/RegLog/login
INFO: [ app_init ] --START--
INFO: [ app_init ] --END-- [ RunTime:0.000448s ]
INFO: [ path_info ] --START--
INFO: [ path_info ] --END-- [ RunTime:0.000028s ]
INFO: [ app_begin ] --START--
INFO: Run Behavior\ReadHtmlCache [ RunTime:0.000053s ]
INFO: [ app_begin ] --END-- [ RunTime:0.000110s ]
ERR: 无法加载控制器:login

[ 2014-02-02T22:14:12+08:00 ] ::1 /thinkphp/index.php/RegLog/RegLog/login
INFO: [ app_init ] --START--
INFO: [ app_init ] --END-- [ RunTime:0.000420s ]
INFO: [ path_info ] --START--
INFO: [ path_info ] --END-- [ RunTime:0.000028s ]
INFO: [ app_begin ] --START--
INFO: Run Behavior\ReadHtmlCache [ RunTime:0.000052s ]
INFO: [ app_begin ] --END-- [ RunTime:0.000109s ]
INFO: [ action_begin ] --START--
INFO: [ action_begin ] --END-- [ RunTime:0.000030s ]
INFO: [ view_begin ] --START--
INFO: [ view_begin ] --END-- [ RunTime:0.000023s ]
INFO: [ view_parse ] --START--
INFO: [ template_filter ] --START--
INFO: Run Behavior\ContentReplace [ RunTime:0.000065s ]
INFO: [ template_filter ] --END-- [ RunTime:0.000145s ]
INFO: Run Behavior\ParseTemplate [ RunTime:0.007898s ]
INFO: [ view_parse ] --END-- [ RunTime:0.007979s ]
INFO: [ view_filter ] --START--
INFO: Run Behavior\WriteHtmlCache [ RunTime:0.000023s ]
INFO: [ view_filter ] --END-- [ RunTime:0.000088s ]
INFO: [ view_end ] --START--
INFO: [ view_end ] --END-- [ RunTime:0.000030s ]
INFO: [ app_end ] --START--
INFO: Run Behavior\ShowPageTrace [ RunTime:0.000054s ]
INFO: [ app_end ] --END-- [ RunTime:0.000118s ]

[ 2014-02-02T22:14:31+08:00 ] ::1 /thinkphp/index.php/RegLog/check
INFO: [ app_init ] --START--
INFO: [ app_init ] --END-- [ RunTime:0.000535s ]
INFO: [ path_info ] --START--
INFO: [ path_info ] --END-- [ RunTime:0.000045s ]
INFO: [ app_begin ] --START--
INFO: Run Behavior\ReadHtmlCache [ RunTime:0.000072s ]
INFO: [ app_begin ] --END-- [ RunTime:0.000155s ]
ERR: 无法加载控制器:check

[ 2014-02-02T22:14:33+08:00 ] ::1 /thinkphp/index.php/RegLog/RegLog/login
INFO: [ app_init ] --START--
INFO: [ app_init ] --END-- [ RunTime:0.000605s ]
INFO: [ path_info ] --START--
INFO: [ path_info ] --END-- [ RunTime:0.000047s ]
INFO: [ app_begin ] --START--
INFO: Run Behavior\ReadHtmlCache [ RunTime:0.000082s ]
INFO: [ app_begin ] --END-- [ RunTime:0.000179s ]
INFO: [ action_begin ] --START--
INFO: [ action_begin ] --END-- [ RunTime:0.000052s ]
INFO: [ view_begin ] --START--
INFO: [ view_begin ] --END-- [ RunTime:0.000040s ]
INFO: [ view_parse ] --START--
INFO: [ template_filter ] --START--
INFO: Run Behavior\ContentReplace [ RunTime:0.000063s ]
INFO: [ template_filter ] --END-- [ RunTime:0.000148s ]
INFO: Run Behavior\ParseTemplate [ RunTime:0.009184s ]
INFO: [ view_parse ] --END-- [ RunTime:0.009275s ]
INFO: [ view_filter ] --START--
INFO: Run Behavior\WriteHtmlCache [ RunTime:0.000021s ]
INFO: [ view_filter ] --END-- [ RunTime:0.000086s ]
INFO: [ view_end ] --START--
INFO: [ view_end ] --END-- [ RunTime:0.000030s ]
INFO: [ app_end ] --START--
INFO: Run Behavior\ShowPageTrace [ RunTime:0.000042s ]
INFO: [ app_end ] --END-- [ RunTime:0.000092s ]

[ 2014-02-02T22:14:35+08:00 ] ::1 /thinkphp/index.php/RegLog/RegLog/check
INFO: [ app_init ] --START--
INFO: [ app_init ] --END-- [ RunTime:0.000417s ]
INFO: [ path_info ] --START--
INFO: [ path_info ] --END-- [ RunTime:0.000033s ]
INFO: [ app_begin ] --START--
INFO: Run Behavior\ReadHtmlCache [ RunTime:0.000055s ]
INFO: [ app_begin ] --END-- [ RunTime:0.000120s ]
INFO: [ action_begin ] --START--
INFO: [ action_begin ] --END-- [ RunTime:0.000040s ]
INFO: [ app_end ] --START--
INFO: Run Behavior\ShowPageTrace [ RunTime:0.000048s ]
INFO: [ app_end ] --END-- [ RunTime:0.000110s ]

[ 2014-02-02T22:14:37+08:00 ] ::1 /thinkphp/index.php/RegLog/RegLog/login.php
INFO: [ app_init ] --START--
INFO: [ app_init ] --END-- [ RunTime:0.000530s ]
INFO: [ path_info ] --START--
INFO: [ path_info ] --END-- [ RunTime:0.000040s ]
INFO: [ app_begin ] --START--
INFO: Run Behavior\ReadHtmlCache [ RunTime:0.000075s ]
INFO: [ app_begin ] --END-- [ RunTime:0.000155s ]
INFO: [ action_begin ] --START--
INFO: [ action_begin ] --END-- [ RunTime:0.000040s ]
ERR: 非法操作:login.php

[ 2014-02-02T22:49:01+08:00 ] ::1 /thinkphp/index.php/RegLog/RegLog/login
INFO: [ app_init ] --START--
INFO: [ app_init ] --END-- [ RunTime:0.000980s ]
INFO: [ path_info ] --START--
INFO: [ path_info ] --END-- [ RunTime:0.000066s ]
INFO: [ app_begin ] --START--
INFO: Run Behavior\ReadHtmlCache [ RunTime:0.000088s ]
INFO: [ app_begin ] --END-- [ RunTime:0.000196s ]
INFO: [ action_begin ] --START--
INFO: [ action_begin ] --END-- [ RunTime:0.000067s ]
INFO: [ view_begin ] --START--
INFO: [ view_begin ] --END-- [ RunTime:0.000034s ]
INFO: [ view_parse ] --START--
INFO: [ template_filter ] --START--
INFO: Run Behavior\ContentReplace [ RunTime:0.000096s ]
INFO: [ template_filter ] --END-- [ RunTime:0.000225s ]
INFO: Run Behavior\ParseTemplate [ RunTime:0.012728s ]
INFO: [ view_parse ] --END-- [ RunTime:0.012862s ]
INFO: [ view_filter ] --START--
INFO: Run Behavior\WriteHtmlCache [ RunTime:0.000029s ]
INFO: [ view_filter ] --END-- [ RunTime:0.000096s ]
INFO: [ view_end ] --START--
INFO: [ view_end ] --END-- [ RunTime:0.000031s ]
INFO: [ app_end ] --START--
INFO: Run Behavior\ShowPageTrace [ RunTime:0.000058s ]
INFO: [ app_end ] --END-- [ RunTime:0.000121s ]

[ 2014-02-02T22:49:14+08:00 ] ::1 /thinkphp/index.php/RegLog/RegLog/check
INFO: [ app_init ] --START--
INFO: [ app_init ] --END-- [ RunTime:0.000476s ]
INFO: [ path_info ] --START--
INFO: [ path_info ] --END-- [ RunTime:0.000035s ]
INFO: [ app_begin ] --START--
INFO: Run Behavior\ReadHtmlCache [ RunTime:0.000051s ]
INFO: [ app_begin ] --END-- [ RunTime:0.000110s ]
INFO: [ action_begin ] --START--
INFO: [ action_begin ] --END-- [ RunTime:0.000029s ]
ERR: 非法操作:check

[ 2014-02-02T22:50:29+08:00 ] ::1 /thinkphp/index.php/RegLog/RegLog/register
INFO: [ app_init ] --START--
INFO: [ app_init ] --END-- [ RunTime:0.000525s ]
INFO: [ path_info ] --START--
INFO: [ path_info ] --END-- [ RunTime:0.000048s ]
INFO: [ app_begin ] --START--
INFO: Run Behavior\ReadHtmlCache [ RunTime:0.000075s ]
INFO: [ app_begin ] --END-- [ RunTime:0.000154s ]
INFO: [ action_begin ] --START--
INFO: [ action_begin ] --END-- [ RunTime:0.000041s ]
INFO: [ view_begin ] --START--
INFO: [ view_begin ] --END-- [ RunTime:0.000027s ]
INFO: [ view_parse ] --START--
INFO: [ template_filter ] --START--
INFO: Run Behavior\ContentReplace [ RunTime:0.000065s ]
INFO: [ template_filter ] --END-- [ RunTime:0.000145s ]
INFO: Run Behavior\ParseTemplate [ RunTime:0.007443s ]
INFO: [ view_parse ] --END-- [ RunTime:0.007517s ]
INFO: [ view_filter ] --START--
INFO: Run Behavior\WriteHtmlCache [ RunTime:0.000018s ]
INFO: [ view_filter ] --END-- [ RunTime:0.000067s ]
INFO: [ view_end ] --START--
INFO: [ view_end ] --END-- [ RunTime:0.000021s ]
INFO: [ app_end ] --START--
INFO: Run Behavior\ShowPageTrace [ RunTime:0.000045s ]
INFO: [ app_end ] --END-- [ RunTime:0.000168s ]

[ 2014-02-02T22:50:49+08:00 ] ::1 /thinkphp/index.php/RegLog/RegLog/check/add
INFO: [ app_init ] --START--
INFO: [ app_init ] --END-- [ RunTime:0.000394s ]
INFO: [ path_info ] --START--
INFO: [ path_info ] --END-- [ RunTime:0.000031s ]
INFO: [ app_begin ] --START--
INFO: Run Behavior\ReadHtmlCache [ RunTime:0.000048s ]
INFO: [ app_begin ] --END-- [ RunTime:0.000103s ]
INFO: [ action_begin ] --START--
INFO: [ action_begin ] --END-- [ RunTime:0.000030s ]
ERR: 非法操作:check

[ 2014-02-02T22:51:36+08:00 ] ::1 /thinkphp/index.php/RegLog/RegLog/check/add
INFO: [ app_init ] --START--
INFO: [ app_init ] --END-- [ RunTime:0.000611s ]
INFO: [ path_info ] --START--
INFO: [ path_info ] --END-- [ RunTime:0.000052s ]
INFO: [ app_begin ] --START--
INFO: Run Behavior\ReadHtmlCache [ RunTime:0.000072s ]
INFO: [ app_begin ] --END-- [ RunTime:0.000158s ]
INFO: [ action_begin ] --START--
INFO: [ action_begin ] --END-- [ RunTime:0.000055s ]
ERR: 非法操作:check

[ 2014-02-02T22:51:41+08:00 ] ::1 /thinkphp/index.php/RegLog/RegLog/register
INFO: [ app_init ] --START--
INFO: [ app_init ] --END-- [ RunTime:0.000560s ]
INFO: [ path_info ] --START--
INFO: [ path_info ] --END-- [ RunTime:0.000039s ]
INFO: [ app_begin ] --START--
INFO: Run Behavior\ReadHtmlCache [ RunTime:0.000075s ]
INFO: [ app_begin ] --END-- [ RunTime:0.000155s ]
INFO: [ action_begin ] --START--
INFO: [ action_begin ] --END-- [ RunTime:0.000050s ]
INFO: [ view_begin ] --START--
INFO: [ view_begin ] --END-- [ RunTime:0.000034s ]
INFO: [ view_parse ] --START--
INFO: [ template_filter ] --START--
INFO: Run Behavior\ContentReplace [ RunTime:0.000091s ]
INFO: [ template_filter ] --END-- [ RunTime:0.000212s ]
INFO: Run Behavior\ParseTemplate [ RunTime:0.010566s ]
INFO: [ view_parse ] --END-- [ RunTime:0.010676s ]
INFO: [ view_filter ] --START--
INFO: Run Behavior\WriteHtmlCache [ RunTime:0.000026s ]
INFO: [ view_filter ] --END-- [ RunTime:0.000100s ]
INFO: [ view_end ] --START--
INFO: [ view_end ] --END-- [ RunTime:0.000031s ]
INFO: [ app_end ] --START--
INFO: Run Behavior\ShowPageTrace [ RunTime:0.000057s ]
INFO: [ app_end ] --END-- [ RunTime:0.000124s ]

[ 2014-02-02T22:51:55+08:00 ] ::1 /thinkphp/index.php/RegLog/RegLog/add
INFO: [ app_init ] --START--
INFO: [ app_init ] --END-- [ RunTime:0.000518s ]
INFO: [ path_info ] --START--
INFO: [ path_info ] --END-- [ RunTime:0.000034s ]
INFO: [ app_begin ] --START--
INFO: Run Behavior\ReadHtmlCache [ RunTime:0.000060s ]
INFO: [ app_begin ] --END-- [ RunTime:0.000127s ]
INFO: [ action_begin ] --START--
INFO: [ action_begin ] --END-- [ RunTime:0.000052s ]
NOTIC: [8192] Function ereg() is deprecated F:\xampp\htdocs\thinkphp\Application\RegLog\Common\function.php 第 31 行.
NOTIC: [8192] Function ereg() is deprecated F:\xampp\htdocs\thinkphp\Application\RegLog\Common\function.php 第 56 行.
NOTIC: [8192] Function ereg() is deprecated F:\xampp\htdocs\thinkphp\Application\RegLog\Common\function.php 第 78 行.
NOTIC: [2] mysql_fetch_array() expects parameter 1 to be resource, boolean given F:\xampp\htdocs\thinkphp\Application\RegLog\Controller\RegLogController.class.php 第 63 行.
INFO: [ app_end ] --START--
INFO: Run Behavior\ShowPageTrace [ RunTime:0.000078s ]
INFO: [ app_end ] --END-- [ RunTime:0.000185s ]

[ 2014-02-02T22:53:39+08:00 ] ::1 /thinkphp/index.php/RegLog/RegLog/add
INFO: [ app_init ] --START--
INFO: [ app_init ] --END-- [ RunTime:0.000367s ]
INFO: [ path_info ] --START--
INFO: [ path_info ] --END-- [ RunTime:0.000029s ]
INFO: [ app_begin ] --START--
INFO: Run Behavior\ReadHtmlCache [ RunTime:0.000047s ]
INFO: [ app_begin ] --END-- [ RunTime:0.000103s ]
INFO: [ action_begin ] --START--
INFO: [ action_begin ] --END-- [ RunTime:0.000034s ]
NOTIC: [8192] Function ereg() is deprecated F:\xampp\htdocs\thinkphp\Application\RegLog\Common\function.php 第 31 行.
NOTIC: [8192] Function ereg() is deprecated F:\xampp\htdocs\thinkphp\Application\RegLog\Common\function.php 第 56 行.
NOTIC: [8192] Function ereg() is deprecated F:\xampp\htdocs\thinkphp\Application\RegLog\Common\function.php 第 78 行.
NOTIC: [2] mysql_fetch_array() expects parameter 1 to be resource, boolean given F:\xampp\htdocs\thinkphp\Application\RegLog\Controller\RegLogController.class.php 第 65 行.
INFO: [ app_end ] --START--
INFO: Run Behavior\ShowPageTrace [ RunTime:0.000077s ]
INFO: [ app_end ] --END-- [ RunTime:0.000180s ]

[ 2014-02-02T22:54:31+08:00 ] ::1 /thinkphp/index.php/RegLog/RegLog/add
INFO: [ app_init ] --START--
INFO: [ app_init ] --END-- [ RunTime:0.000477s ]
INFO: [ path_info ] --START--
INFO: [ path_info ] --END-- [ RunTime:0.000033s ]
INFO: [ app_begin ] --START--
INFO: Run Behavior\ReadHtmlCache [ RunTime:0.000055s ]
INFO: [ app_begin ] --END-- [ RunTime:0.000121s ]
INFO: [ action_begin ] --START--
INFO: [ action_begin ] --END-- [ RunTime:0.000038s ]
NOTIC: [8192] Function ereg() is deprecated F:\xampp\htdocs\thinkphp\Application\RegLog\Common\function.php 第 31 行.
NOTIC: [8192] Function ereg() is deprecated F:\xampp\htdocs\thinkphp\Application\RegLog\Common\function.php 第 56 行.
NOTIC: [8192] Function ereg() is deprecated F:\xampp\htdocs\thinkphp\Application\RegLog\Common\function.php 第 78 行.
NOTIC: [2] mysql_fetch_array() expects parameter 1 to be resource, boolean given F:\xampp\htdocs\thinkphp\Application\RegLog\Controller\RegLogController.class.php 第 65 行.
NOTIC: [8] Undefined variable: actnum F:\xampp\htdocs\thinkphp\Application\RegLog\Common\function.php 第 12 行.
INFO: [ app_end ] --START--
INFO: Run Behavior\ShowPageTrace [ RunTime:0.000062s ]
INFO: [ app_end ] --END-- [ RunTime:0.000555s ]

[ 2014-02-02T22:54:39+08:00 ] ::1 /thinkphp/index.php/RegLog/RegLog/activate.php
INFO: [ app_init ] --START--
INFO: [ app_init ] --END-- [ RunTime:0.000416s ]
INFO: [ path_info ] --START--
INFO: [ path_info ] --END-- [ RunTime:0.000029s ]
INFO: [ app_begin ] --START--
INFO: Run Behavior\ReadHtmlCache [ RunTime:0.000054s ]
INFO: [ app_begin ] --END-- [ RunTime:0.000109s ]
INFO: [ action_begin ] --START--
INFO: [ action_begin ] --END-- [ RunTime:0.000030s ]
ERR: 非法操作:activate.php

[ 2014-02-02T22:59:55+08:00 ] ::1 /thinkphp/index.php/RegLog/RegLog/add
INFO: [ app_init ] --START--
INFO: [ app_init ] --END-- [ RunTime:0.000619s ]
INFO: [ path_info ] --START--
INFO: [ path_info ] --END-- [ RunTime:0.000030s ]
INFO: [ app_begin ] --START--
INFO: Run Behavior\ReadHtmlCache [ RunTime:0.000051s ]
INFO: [ app_begin ] --END-- [ RunTime:0.000109s ]
INFO: [ action_begin ] --START--
INFO: [ action_begin ] --END-- [ RunTime:0.000063s ]
NOTIC: [8192] Function ereg() is deprecated F:\xampp\htdocs\thinkphp\Application\RegLog\Common\function.php 第 31 行.
NOTIC: [8192] Function ereg() is deprecated F:\xampp\htdocs\thinkphp\Application\RegLog\Common\function.php 第 56 行.
NOTIC: [8192] Function ereg() is deprecated F:\xampp\htdocs\thinkphp\Application\RegLog\Common\function.php 第 78 行.
NOTIC: [2] mysql_fetch_array() expects parameter 1 to be resource, boolean given F:\xampp\htdocs\thinkphp\Application\RegLog\Controller\RegLogController.class.php 第 65 行.
NOTIC: [8] Undefined variable: actnum F:\xampp\htdocs\thinkphp\Application\RegLog\Common\function.php 第 12 行.
INFO: [ app_end ] --START--
INFO: Run Behavior\ShowPageTrace [ RunTime:0.000066s ]
INFO: [ app_end ] --END-- [ RunTime:0.000196s ]

[ 2014-02-02T22:59:57+08:00 ] ::1 /thinkphp/index.php/RegLog/RegLog/activate
INFO: [ app_init ] --START--
INFO: [ app_init ] --END-- [ RunTime:0.000506s ]
INFO: [ path_info ] --START--
INFO: [ path_info ] --END-- [ RunTime:0.000044s ]
INFO: [ app_begin ] --START--
INFO: Run Behavior\ReadHtmlCache [ RunTime:0.000076s ]
INFO: [ app_begin ] --END-- [ RunTime:0.000157s ]
INFO: [ action_begin ] --START--
INFO: [ action_begin ] --END-- [ RunTime:0.000050s ]
ERR: 非法操作:activate

[ 2014-02-02T23:00:15+08:00 ] ::1 /thinkphp/index.php/RegLog/RegLog/activate
INFO: [ app_init ] --START--
INFO: [ app_init ] --END-- [ RunTime:0.000608s ]
INFO: [ path_info ] --START--
INFO: [ path_info ] --END-- [ RunTime:0.000047s ]
INFO: [ app_begin ] --START--
INFO: Run Behavior\ReadHtmlCache [ RunTime:0.000119s ]
INFO: [ app_begin ] --END-- [ RunTime:0.000216s ]
INFO: [ action_begin ] --START--
INFO: [ action_begin ] --END-- [ RunTime:0.000032s ]
ERR: 非法操作:activate

[ 2014-02-02T23:00:21+08:00 ] ::1 /thinkphp/index.php/RegLog/RegLog/register
INFO: [ app_init ] --START--
INFO: [ app_init ] --END-- [ RunTime:0.000556s ]
INFO: [ path_info ] --START--
INFO: [ path_info ] --END-- [ RunTime:0.000029s ]
INFO: [ app_begin ] --START--
INFO: Run Behavior\ReadHtmlCache [ RunTime:0.000064s ]
INFO: [ app_begin ] --END-- [ RunTime:0.000122s ]
INFO: [ action_begin ] --START--
INFO: [ action_begin ] --END-- [ RunTime:0.000034s ]
INFO: [ view_begin ] --START--
INFO: [ view_begin ] --END-- [ RunTime:0.000022s ]
INFO: [ view_parse ] --START--
INFO: [ template_filter ] --START--
INFO: Run Behavior\ContentReplace [ RunTime:0.000066s ]
INFO: [ template_filter ] --END-- [ RunTime:0.000152s ]
INFO: Run Behavior\ParseTemplate [ RunTime:0.008076s ]
INFO: [ view_parse ] --END-- [ RunTime:0.008140s ]
INFO: [ view_filter ] --START--
INFO: Run Behavior\WriteHtmlCache [ RunTime:0.000016s ]
INFO: [ view_filter ] --END-- [ RunTime:0.000062s ]
INFO: [ view_end ] --START--
INFO: [ view_end ] --END-- [ RunTime:0.000021s ]
INFO: [ app_end ] --START--
INFO: Run Behavior\ShowPageTrace [ RunTime:0.000042s ]
INFO: [ app_end ] --END-- [ RunTime:0.000100s ]

[ 2014-02-02T23:00:34+08:00 ] ::1 /thinkphp/index.php/RegLog/RegLog/add
INFO: [ app_init ] --START--
INFO: [ app_init ] --END-- [ RunTime:0.000403s ]
INFO: [ path_info ] --START--
INFO: [ path_info ] --END-- [ RunTime:0.000031s ]
INFO: [ app_begin ] --START--
INFO: Run Behavior\ReadHtmlCache [ RunTime:0.000125s ]
INFO: [ app_begin ] --END-- [ RunTime:0.000185s ]
INFO: [ action_begin ] --START--
INFO: [ action_begin ] --END-- [ RunTime:0.000036s ]
NOTIC: [8192] Function ereg() is deprecated F:\xampp\htdocs\thinkphp\Application\RegLog\Common\function.php 第 31 行.
NOTIC: [8192] Function ereg() is deprecated F:\xampp\htdocs\thinkphp\Application\RegLog\Common\function.php 第 56 行.
NOTIC: [8192] Function ereg() is deprecated F:\xampp\htdocs\thinkphp\Application\RegLog\Common\function.php 第 78 行.
NOTIC: [2] mysql_fetch_array() expects parameter 1 to be resource, boolean given F:\xampp\htdocs\thinkphp\Application\RegLog\Controller\RegLogController.class.php 第 65 行.
NOTIC: [8] Undefined variable: actnum F:\xampp\htdocs\thinkphp\Application\RegLog\Common\function.php 第 12 行.
INFO: [ app_end ] --START--
INFO: Run Behavior\ShowPageTrace [ RunTime:0.000053s ]
INFO: [ app_end ] --END-- [ RunTime:0.000158s ]

[ 2014-02-02T23:00:35+08:00 ] ::1 /thinkphp/index.php/RegLog/RegLog/activate
INFO: [ app_init ] --START--
INFO: [ app_init ] --END-- [ RunTime:0.000589s ]
INFO: [ path_info ] --START--
INFO: [ path_info ] --END-- [ RunTime:0.000034s ]
INFO: [ app_begin ] --START--
INFO: Run Behavior\ReadHtmlCache [ RunTime:0.000054s ]
INFO: [ app_begin ] --END-- [ RunTime:0.000109s ]
INFO: [ action_begin ] --START--
INFO: [ action_begin ] --END-- [ RunTime:0.000033s ]
ERR: 非法操作:activate

[ 2014-02-02T23:01:15+08:00 ] ::1 /thinkphp/index.php/RegLog/RegLog/activate
INFO: [ app_init ] --START--
INFO: [ app_init ] --END-- [ RunTime:0.000395s ]
INFO: [ path_info ] --START--
INFO: [ path_info ] --END-- [ RunTime:0.000045s ]
INFO: [ app_begin ] --START--
INFO: Run Behavior\ReadHtmlCache [ RunTime:0.000052s ]
INFO: [ app_begin ] --END-- [ RunTime:0.000109s ]
INFO: [ action_begin ] --START--
INFO: [ action_begin ] --END-- [ RunTime:0.000030s ]
INFO: [ view_begin ] --START--
INFO: [ view_begin ] --END-- [ RunTime:0.000027s ]
INFO: [ view_parse ] --START--
INFO: [ template_filter ] --START--
INFO: Run Behavior\ContentReplace [ RunTime:0.000065s ]
INFO: [ template_filter ] --END-- [ RunTime:0.000146s ]
INFO: Run Behavior\ParseTemplate [ RunTime:0.007179s ]
INFO: [ view_parse ] --END-- [ RunTime:0.007239s ]
INFO: [ view_filter ] --START--
INFO: Run Behavior\WriteHtmlCache [ RunTime:0.000016s ]
INFO: [ view_filter ] --END-- [ RunTime:0.000063s ]
INFO: [ view_end ] --START--
INFO: [ view_end ] --END-- [ RunTime:0.000020s ]
INFO: [ app_end ] --START--
INFO: Run Behavior\ShowPageTrace [ RunTime:0.000040s ]
INFO: [ app_end ] --END-- [ RunTime:0.000086s ]

[ 2014-02-02T23:11:47+08:00 ] ::1 /thinkphp/index.php/RegLog/RegLog/register
INFO: [ app_init ] --START--
INFO: [ app_init ] --END-- [ RunTime:0.000677s ]
INFO: [ path_info ] --START--
INFO: [ path_info ] --END-- [ RunTime:0.000053s ]
INFO: [ app_begin ] --START--
INFO: Run Behavior\ReadHtmlCache [ RunTime:0.000080s ]
INFO: [ app_begin ] --END-- [ RunTime:0.000171s ]
INFO: [ action_begin ] --START--
INFO: [ action_begin ] --END-- [ RunTime:0.000064s ]
INFO: [ view_begin ] --START--
INFO: [ view_begin ] --END-- [ RunTime:0.000035s ]
INFO: [ view_parse ] --START--
INFO: [ template_filter ] --START--
INFO: Run Behavior\ContentReplace [ RunTime:0.000189s ]
INFO: [ template_filter ] --END-- [ RunTime:0.000297s ]
INFO: Run Behavior\ParseTemplate [ RunTime:0.012270s ]
INFO: [ view_parse ] --END-- [ RunTime:0.012362s ]
INFO: [ view_filter ] --START--
INFO: Run Behavior\WriteHtmlCache [ RunTime:0.000018s ]
INFO: [ view_filter ] --END-- [ RunTime:0.000067s ]
INFO: [ view_end ] --START--
INFO: [ view_end ] --END-- [ RunTime:0.000021s ]
INFO: [ app_end ] --START--
INFO: Run Behavior\ShowPageTrace [ RunTime:0.000042s ]
INFO: [ app_end ] --END-- [ RunTime:0.000088s ]

[ 2014-02-02T23:12:52+08:00 ] ::1 /thinkphp/index.php/RegLog/RegLog/add
INFO: [ app_init ] --START--
INFO: [ app_init ] --END-- [ RunTime:0.000429s ]
INFO: [ path_info ] --START--
INFO: [ path_info ] --END-- [ RunTime:0.000029s ]
INFO: [ app_begin ] --START--
INFO: Run Behavior\ReadHtmlCache [ RunTime:0.000054s ]
INFO: [ app_begin ] --END-- [ RunTime:0.000112s ]
INFO: [ action_begin ] --START--
INFO: [ action_begin ] --END-- [ RunTime:0.000030s ]
NOTIC: [8192] Function ereg() is deprecated F:\xampp\htdocs\thinkphp\Application\RegLog\Common\function.php 第 31 行.
NOTIC: [8192] Function ereg() is deprecated F:\xampp\htdocs\thinkphp\Application\RegLog\Common\function.php 第 56 行.
NOTIC: [8192] Function ereg() is deprecated F:\xampp\htdocs\thinkphp\Application\RegLog\Common\function.php 第 78 行.
NOTIC: [2] mysql_fetch_array() expects parameter 1 to be resource, boolean given F:\xampp\htdocs\thinkphp\Application\RegLog\Controller\RegLogController.class.php 第 65 行.
NOTIC: [8] Undefined variable: actnum F:\xampp\htdocs\thinkphp\Application\RegLog\Common\function.php 第 12 行.
INFO: [ app_end ] --START--
INFO: Run Behavior\ShowPageTrace [ RunTime:0.000068s ]
INFO: [ app_end ] --END-- [ RunTime:0.000193s ]

[ 2014-02-02T23:13:26+08:00 ] ::1 /thinkphp/index.php/RegLog/RegLog/activate
INFO: [ app_init ] --START--
INFO: [ app_init ] --END-- [ RunTime:0.000517s ]
INFO: [ path_info ] --START--
INFO: [ path_info ] --END-- [ RunTime:0.000029s ]
INFO: [ app_begin ] --START--
INFO: Run Behavior\ReadHtmlCache [ RunTime:0.000052s ]
INFO: [ app_begin ] --END-- [ RunTime:0.000107s ]
INFO: [ action_begin ] --START--
INFO: [ action_begin ] --END-- [ RunTime:0.000038s ]
INFO: [ view_begin ] --START--
INFO: [ view_begin ] --END-- [ RunTime:0.000023s ]
INFO: [ view_parse ] --START--
INFO: [ template_filter ] --START--
INFO: Run Behavior\ContentReplace [ RunTime:0.000066s ]
INFO: [ template_filter ] --END-- [ RunTime:0.000146s ]
INFO: Run Behavior\ParseTemplate [ RunTime:0.007209s ]
INFO: [ view_parse ] --END-- [ RunTime:0.007273s ]
INFO: [ view_filter ] --START--
INFO: Run Behavior\WriteHtmlCache [ RunTime:0.000016s ]
INFO: [ view_filter ] --END-- [ RunTime:0.000063s ]
INFO: [ view_end ] --START--
INFO: [ view_end ] --END-- [ RunTime:0.000020s ]
INFO: [ app_end ] --START--
INFO: Run Behavior\ShowPageTrace [ RunTime:0.000041s ]
INFO: [ app_end ] --END-- [ RunTime:0.000087s ]

[ 2014-02-02T23:13:32+08:00 ] ::1 /thinkphp/index.php/RegLog/RegLog/register
INFO: [ app_init ] --START--
INFO: [ app_init ] --END-- [ RunTime:0.000548s ]
INFO: [ path_info ] --START--
INFO: [ path_info ] --END-- [ RunTime:0.000038s ]
INFO: [ app_begin ] --START--
INFO: Run Behavior\ReadHtmlCache [ RunTime:0.000072s ]
INFO: [ app_begin ] --END-- [ RunTime:0.000150s ]
INFO: [ action_begin ] --START--
INFO: [ action_begin ] --END-- [ RunTime:0.000041s ]
INFO: [ view_begin ] --START--
INFO: [ view_begin ] --END-- [ RunTime:0.000033s ]
INFO: [ view_parse ] --START--
INFO: [ template_filter ] --START--
INFO: Run Behavior\ContentReplace [ RunTime:0.000066s ]
INFO: [ template_filter ] --END-- [ RunTime:0.000152s ]
INFO: Run Behavior\ParseTemplate [ RunTime:0.007401s ]
INFO: [ view_parse ] --END-- [ RunTime:0.007476s ]
INFO: [ view_filter ] --START--
INFO: Run Behavior\WriteHtmlCache [ RunTime:0.000016s ]
INFO: [ view_filter ] --END-- [ RunTime:0.000063s ]
INFO: [ view_end ] --START--
INFO: [ view_end ] --END-- [ RunTime:0.000021s ]
INFO: [ app_end ] --START--
INFO: Run Behavior\ShowPageTrace [ RunTime:0.000041s ]
INFO: [ app_end ] --END-- [ RunTime:0.000087s ]

[ 2014-02-02T23:17:25+08:00 ] ::1 /thinkphp/index.php/RegLog/RegLog/add
INFO: [ app_init ] --START--
INFO: [ app_init ] --END-- [ RunTime:0.000486s ]
INFO: [ path_info ] --START--
INFO: [ path_info ] --END-- [ RunTime:0.000031s ]
INFO: [ app_begin ] --START--
INFO: Run Behavior\ReadHtmlCache [ RunTime:0.000052s ]
INFO: [ app_begin ] --END-- [ RunTime:0.000137s ]
INFO: [ action_begin ] --START--
INFO: [ action_begin ] --END-- [ RunTime:0.000034s ]
NOTIC: [8192] Function ereg() is deprecated F:\xampp\htdocs\thinkphp\Application\RegLog\Common\function.php 第 31 行.
NOTIC: [8192] Function ereg() is deprecated F:\xampp\htdocs\thinkphp\Application\RegLog\Common\function.php 第 56 行.
NOTIC: [8192] Function ereg() is deprecated F:\xampp\htdocs\thinkphp\Application\RegLog\Common\function.php 第 78 行.
NOTIC: [2] mysql_fetch_array() expects parameter 1 to be resource, boolean given F:\xampp\htdocs\thinkphp\Application\RegLog\Controller\RegLogController.class.php 第 65 行.
NOTIC: [8] Undefined variable: actnum F:\xampp\htdocs\thinkphp\Application\RegLog\Common\function.php 第 12 行.
SQL: SHOW COLUMNS FROM `sp_customer` [ RunTime:0.005695s ]
SQL: INSERT INTO `sp_customer` (`userid`,`passwd`,`email`,`actnum`) VALUES ('wu123','111111','wu_runpeng@163.com','EkCCtVORcKpuFAkI4SyZ') [ RunTime:0.045436s ]
INFO: [ app_end ] --START--
INFO: Run Behavior\ShowPageTrace [ RunTime:0.000070s ]
INFO: [ app_end ] --END-- [ RunTime:0.000200s ]

[ 2014-02-02T23:29:48+08:00 ] ::1 /thinkphp/index.php/RegLog/RegLog/register
INFO: [ app_init ] --START--
INFO: [ app_init ] --END-- [ RunTime:0.000412s ]
INFO: [ path_info ] --START--
INFO: [ path_info ] --END-- [ RunTime:0.000029s ]
INFO: [ app_begin ] --START--
INFO: Run Behavior\ReadHtmlCache [ RunTime:0.000052s ]
INFO: [ app_begin ] --END-- [ RunTime:0.000111s ]
INFO: [ action_begin ] --START--
INFO: [ action_begin ] --END-- [ RunTime:0.000158s ]
INFO: [ view_begin ] --START--
INFO: [ view_begin ] --END-- [ RunTime:0.000030s ]
INFO: [ view_parse ] --START--
INFO: [ template_filter ] --START--
INFO: Run Behavior\ContentReplace [ RunTime:0.000066s ]
INFO: [ template_filter ] --END-- [ RunTime:0.000153s ]
INFO: Run Behavior\ParseTemplate [ RunTime:0.008433s ]
INFO: [ view_parse ] --END-- [ RunTime:0.008514s ]
INFO: [ view_filter ] --START--
INFO: Run Behavior\WriteHtmlCache [ RunTime:0.000019s ]
INFO: [ view_filter ] --END-- [ RunTime:0.000067s ]
INFO: [ view_end ] --START--
INFO: [ view_end ] --END-- [ RunTime:0.000021s ]
INFO: [ app_end ] --START--
INFO: Run Behavior\ShowPageTrace [ RunTime:0.000042s ]
INFO: [ app_end ] --END-- [ RunTime:0.000089s ]

[ 2014-02-02T23:29:56+08:00 ] ::1 /thinkphp/index.php/RegLog/RegLog/add
INFO: [ app_init ] --START--
INFO: [ app_init ] --END-- [ RunTime:0.000433s ]
INFO: [ path_info ] --START--
INFO: [ path_info ] --END-- [ RunTime:0.000028s ]
INFO: [ app_begin ] --START--
INFO: Run Behavior\ReadHtmlCache [ RunTime:0.000050s ]
INFO: [ app_begin ] --END-- [ RunTime:0.000108s ]
INFO: [ action_begin ] --START--
INFO: [ action_begin ] --END-- [ RunTime:0.000032s ]
NOTIC: [8192] Function ereg() is deprecated F:\xampp\htdocs\thinkphp\Application\RegLog\Common\function.php 第 31 行.
NOTIC: [8192] Function ereg() is deprecated F:\xampp\htdocs\thinkphp\Application\RegLog\Common\function.php 第 56 行.
NOTIC: [8192] Function ereg() is deprecated F:\xampp\htdocs\thinkphp\Application\RegLog\Common\function.php 第 78 行.
SQL: SHOW COLUMNS FROM `sp_customer` [ RunTime:0.004896s ]
SQL: SELECT * FROM `sp_customer` WHERE ( `userid` = 'wu123' ) OR ( `email` = 'wu_runpeng@163.com' ) LIMIT 1   [ RunTime:0.051033s ]

[ 2014-02-02T23:30:14+08:00 ] ::1 /thinkphp/index.php/RegLog/RegLog/add
INFO: [ app_init ] --START--
INFO: [ app_init ] --END-- [ RunTime:0.000380s ]
INFO: [ path_info ] --START--
INFO: [ path_info ] --END-- [ RunTime:0.000029s ]
INFO: [ app_begin ] --START--
INFO: Run Behavior\ReadHtmlCache [ RunTime:0.000049s ]
INFO: [ app_begin ] --END-- [ RunTime:0.000105s ]
INFO: [ action_begin ] --START--
INFO: [ action_begin ] --END-- [ RunTime:0.000032s ]
NOTIC: [8192] Function ereg() is deprecated F:\xampp\htdocs\thinkphp\Application\RegLog\Common\function.php 第 31 行.
NOTIC: [8192] Function ereg() is deprecated F:\xampp\htdocs\thinkphp\Application\RegLog\Common\function.php 第 56 行.
NOTIC: [8192] Function ereg() is deprecated F:\xampp\htdocs\thinkphp\Application\RegLog\Common\function.php 第 78 行.
SQL: SHOW COLUMNS FROM `sp_customer` [ RunTime:0.004690s ]
SQL: SELECT * FROM `sp_customer` WHERE ( `userid` = 'wu123' ) OR ( `email` = 'wu_runpeng@163.com' ) LIMIT 1   [ RunTime:0.000612s ]
INFO: [ app_end ] --START--
INFO: Run Behavior\ShowPageTrace [ RunTime:0.000071s ]
INFO: [ app_end ] --END-- [ RunTime:0.000162s ]

[ 2014-02-02T23:30:42+08:00 ] ::1 /thinkphp/index.php/RegLog/RegLog/add
INFO: [ app_init ] --START--
INFO: [ app_init ] --END-- [ RunTime:0.000518s ]
INFO: [ path_info ] --START--
INFO: [ path_info ] --END-- [ RunTime:0.000045s ]
INFO: [ app_begin ] --START--
INFO: Run Behavior\ReadHtmlCache [ RunTime:0.000071s ]
INFO: [ app_begin ] --END-- [ RunTime:0.000154s ]
INFO: [ action_begin ] --START--
INFO: [ action_begin ] --END-- [ RunTime:0.000058s ]
NOTIC: [8192] Function ereg() is deprecated F:\xampp\htdocs\thinkphp\Application\RegLog\Common\function.php 第 31 行.
NOTIC: [8192] Function ereg() is deprecated F:\xampp\htdocs\thinkphp\Application\RegLog\Common\function.php 第 56 行.
NOTIC: [8192] Function ereg() is deprecated F:\xampp\htdocs\thinkphp\Application\RegLog\Common\function.php 第 78 行.
SQL: SHOW COLUMNS FROM `sp_customer` [ RunTime:0.004622s ]
SQL: SELECT * FROM `sp_customer` WHERE ( `userid` = 'wu123' ) OR ( `email` = 'wu_runpeng@163.com' ) LIMIT 1   [ RunTime:0.000582s ]
INFO: [ app_end ] --START--
INFO: Run Behavior\ShowPageTrace [ RunTime:0.000071s ]
INFO: [ app_end ] --END-- [ RunTime:0.000162s ]

