[ 2014-02-24T19:51:44+08:00 ] 222.197.180.140 /thinkphp/index.php
INFO: [ app_init ] --START--
INFO: [ app_init ] --END-- [ RunTime:0.000000s ]
INFO: [ app_begin ] --START--
INFO: Run Behavior\ReadHtmlCache [ RunTime:0.000000s ]
INFO: [ app_begin ] --END-- [ RunTime:0.001000s ]
INFO: [ action_begin ] --START--
INFO: [ action_begin ] --END-- [ RunTime:0.000000s ]
INFO: [ view_begin ] --START--
INFO: [ view_begin ] --END-- [ RunTime:0.000000s ]
INFO: [ view_parse ] --START--
INFO: [ template_filter ] --START--
INFO: Run Behavior\ContentReplace [ RunTime:0.000000s ]
INFO: [ template_filter ] --END-- [ RunTime:0.001000s ]
INFO: Run Behavior\ParseTemplate [ RunTime:0.045003s ]
INFO: [ view_parse ] --END-- [ RunTime:0.045003s ]
INFO: [ view_filter ] --START--
INFO: Run Behavior\WriteHtmlCache [ RunTime:0.000000s ]
INFO: [ view_filter ] --END-- [ RunTime:0.000000s ]
INFO: [ view_end ] --START--
INFO: [ view_end ] --END-- [ RunTime:0.000000s ]
INFO: [ app_end ] --START--
INFO: Run Behavior\ShowPageTrace [ RunTime:0.000000s ]
INFO: [ app_end ] --END-- [ RunTime:0.001000s ]

[ 2014-02-24T19:52:18+08:00 ] 113.142.17.156 /thinkphp/index.php
INFO: [ app_init ] --START--
INFO: [ app_init ] --END-- [ RunTime:0.001000s ]
INFO: [ app_begin ] --START--
INFO: Run Behavior\ReadHtmlCache [ RunTime:0.000000s ]
INFO: [ app_begin ] --END-- [ RunTime:0.001000s ]
INFO: [ action_begin ] --START--
INFO: [ action_begin ] --END-- [ RunTime:0.000000s ]
INFO: [ view_begin ] --START--
INFO: [ view_begin ] --END-- [ RunTime:0.000000s ]
INFO: [ view_parse ] --START--
INFO: [ template_filter ] --START--
INFO: Run Behavior\ContentReplace [ RunTime:0.000000s ]
INFO: [ template_filter ] --END-- [ RunTime:0.000000s ]
INFO: Run Behavior\ParseTemplate [ RunTime:0.012001s ]
INFO: [ view_parse ] --END-- [ RunTime:0.012001s ]
INFO: [ view_filter ] --START--
INFO: Run Behavior\WriteHtmlCache [ RunTime:0.000000s ]
INFO: [ view_filter ] --END-- [ RunTime:0.000000s ]
INFO: [ view_end ] --START--
INFO: [ view_end ] --END-- [ RunTime:0.001000s ]
INFO: [ app_end ] --START--
INFO: Run Behavior\ShowPageTrace [ RunTime:0.000000s ]
INFO: [ app_end ] --END-- [ RunTime:0.000000s ]

[ 2014-02-24T19:52:36+08:00 ] 222.197.180.140 /thinkphp/index.php/Home
INFO: [ app_init ] --START--
INFO: [ app_init ] --END-- [ RunTime:0.000000s ]
INFO: [ app_begin ] --START--
INFO: Run Behavior\ReadHtmlCache [ RunTime:0.000000s ]
INFO: [ app_begin ] --END-- [ RunTime:0.000000s ]
INFO: [ action_begin ] --START--
INFO: [ action_begin ] --END-- [ RunTime:0.000000s ]
INFO: [ view_begin ] --START--
INFO: [ view_begin ] --END-- [ RunTime:0.000000s ]
INFO: [ view_parse ] --START--
INFO: [ template_filter ] --START--
INFO: Run Behavior\ContentReplace [ RunTime:0.000000s ]
INFO: [ template_filter ] --END-- [ RunTime:0.000000s ]
INFO: Run Behavior\ParseTemplate [ RunTime:0.007000s ]
INFO: [ view_parse ] --END-- [ RunTime:0.007000s ]
INFO: [ view_filter ] --START--
INFO: Run Behavior\WriteHtmlCache [ RunTime:0.000000s ]
INFO: [ view_filter ] --END-- [ RunTime:0.000000s ]
INFO: [ view_end ] --START--
INFO: [ view_end ] --END-- [ RunTime:0.001001s ]
INFO: [ app_end ] --START--
INFO: Run Behavior\ShowPageTrace [ RunTime:0.000000s ]
INFO: [ app_end ] --END-- [ RunTime:0.000000s ]

[ 2014-02-24T19:52:47+08:00 ] 222.197.180.140 /thinkphp/index.php/Home/Index/search
INFO: [ app_init ] --START--
INFO: [ app_init ] --END-- [ RunTime:0.000000s ]
INFO: [ path_info ] --START--
INFO: [ path_info ] --END-- [ RunTime:0.000000s ]
INFO: [ app_begin ] --START--
INFO: Run Behavior\ReadHtmlCache [ RunTime:0.000000s ]
INFO: [ app_begin ] --END-- [ RunTime:0.000000s ]
INFO: [ action_begin ] --START--
INFO: [ action_begin ] --END-- [ RunTime:0.000000s ]
NOTIC: [8] Use of undefined constant bookname - assumed 'bookname' F:\xampp\htdocs\thinkphp\Application\Home\Controller\IndexController.class.php 第 49 行.
NOTIC: [2] mysql_query(): Access denied for user ''@'localhost' (using password: NO) F:\xampp\htdocs\thinkphp\Application\Home\Controller\IndexController.class.php 第 54 行.
NOTIC: [2] mysql_query(): A link to the server could not be established F:\xampp\htdocs\thinkphp\Application\Home\Controller\IndexController.class.php 第 54 行.
SQL: SHOW COLUMNS FROM `sp_book` [ RunTime:0.035002s ]
SQL: SELECT * FROM `sp_book` WHERE ( `title` LIKE '%程序%' )  [ RunTime:0.001000s ]
INFO: [ app_end ] --START--
INFO: Run Behavior\ShowPageTrace [ RunTime:0.000000s ]
INFO: [ app_end ] --END-- [ RunTime:0.000000s ]

[ 2014-02-24T19:53:59+08:00 ] 183.60.70.29 /thinkphp/index.php/Home
INFO: [ app_init ] --START--
INFO: [ app_init ] --END-- [ RunTime:0.000000s ]
INFO: [ app_begin ] --START--
INFO: Run Behavior\ReadHtmlCache [ RunTime:0.000000s ]
INFO: [ app_begin ] --END-- [ RunTime:0.000000s ]
INFO: [ action_begin ] --START--
INFO: [ action_begin ] --END-- [ RunTime:0.000000s ]
INFO: [ view_begin ] --START--
INFO: [ view_begin ] --END-- [ RunTime:0.000000s ]
INFO: [ view_parse ] --START--
INFO: [ template_filter ] --START--
INFO: Run Behavior\ContentReplace [ RunTime:0.001000s ]
INFO: [ template_filter ] --END-- [ RunTime:0.001000s ]
INFO: Run Behavior\ParseTemplate [ RunTime:0.007000s ]
INFO: [ view_parse ] --END-- [ RunTime:0.007000s ]
INFO: [ view_filter ] --START--
INFO: Run Behavior\WriteHtmlCache [ RunTime:0.000000s ]
INFO: [ view_filter ] --END-- [ RunTime:0.000000s ]
INFO: [ view_end ] --START--
INFO: [ view_end ] --END-- [ RunTime:0.000000s ]
INFO: [ app_end ] --START--
INFO: Run Behavior\ShowPageTrace [ RunTime:0.000000s ]
INFO: [ app_end ] --END-- [ RunTime:0.000000s ]

[ 2014-02-24T19:54:00+08:00 ] 119.147.146.189 /thinkphp/index.php/home
INFO: [ app_init ] --START--
INFO: [ app_init ] --END-- [ RunTime:0.001000s ]
INFO: [ app_begin ] --START--
INFO: Run Behavior\ReadHtmlCache [ RunTime:0.000000s ]
INFO: [ app_begin ] --END-- [ RunTime:0.001000s ]
ERR: 无法加载控制器:Index

[ 2014-02-24T19:55:10+08:00 ] 113.54.147.187 /thinkphp/index.php/Home
INFO: [ app_init ] --START--
INFO: [ app_init ] --END-- [ RunTime:0.001000s ]
INFO: [ app_begin ] --START--
INFO: Run Behavior\ReadHtmlCache [ RunTime:0.000000s ]
INFO: [ app_begin ] --END-- [ RunTime:0.000000s ]
INFO: [ action_begin ] --START--
INFO: [ action_begin ] --END-- [ RunTime:0.000000s ]
INFO: [ view_begin ] --START--
INFO: [ view_begin ] --END-- [ RunTime:0.000000s ]
INFO: [ view_parse ] --START--
INFO: [ template_filter ] --START--
INFO: Run Behavior\ContentReplace [ RunTime:0.000000s ]
INFO: [ template_filter ] --END-- [ RunTime:0.000000s ]
INFO: Run Behavior\ParseTemplate [ RunTime:0.007000s ]
INFO: [ view_parse ] --END-- [ RunTime:0.007000s ]
INFO: [ view_filter ] --START--
INFO: Run Behavior\WriteHtmlCache [ RunTime:0.000000s ]
INFO: [ view_filter ] --END-- [ RunTime:0.000000s ]
INFO: [ view_end ] --START--
INFO: [ view_end ] --END-- [ RunTime:0.000000s ]
INFO: [ app_end ] --START--
INFO: Run Behavior\ShowPageTrace [ RunTime:0.000000s ]
INFO: [ app_end ] --END-- [ RunTime:0.000000s ]

[ 2014-02-24T19:55:29+08:00 ] 113.54.147.187 /thinkphp/index.php/Home/Index/search
INFO: [ app_init ] --START--
INFO: [ app_init ] --END-- [ RunTime:0.000000s ]
INFO: [ path_info ] --START--
INFO: [ path_info ] --END-- [ RunTime:0.000000s ]
INFO: [ app_begin ] --START--
INFO: Run Behavior\ReadHtmlCache [ RunTime:0.000000s ]
INFO: [ app_begin ] --END-- [ RunTime:0.000000s ]
INFO: [ action_begin ] --START--
INFO: [ action_begin ] --END-- [ RunTime:0.000000s ]
NOTIC: [8] Use of undefined constant bookname - assumed 'bookname' F:\xampp\htdocs\thinkphp\Application\Home\Controller\IndexController.class.php 第 49 行.
NOTIC: [2] mysql_query(): Access denied for user ''@'localhost' (using password: NO) F:\xampp\htdocs\thinkphp\Application\Home\Controller\IndexController.class.php 第 54 行.
NOTIC: [2] mysql_query(): A link to the server could not be established F:\xampp\htdocs\thinkphp\Application\Home\Controller\IndexController.class.php 第 54 行.
SQL: SHOW COLUMNS FROM `sp_book` [ RunTime:0.006000s ]
SQL: SELECT * FROM `sp_book` WHERE ( `title` LIKE '%C%' )  [ RunTime:0.001000s ]
INFO: [ app_end ] --START--
INFO: Run Behavior\ShowPageTrace [ RunTime:0.000000s ]
INFO: [ app_end ] --END-- [ RunTime:0.001000s ]

[ 2014-02-24T19:55:31+08:00 ] 113.54.147.187 /thinkphp/index.php/Home/Index/search
INFO: [ app_init ] --START--
INFO: [ app_init ] --END-- [ RunTime:0.001000s ]
INFO: [ path_info ] --START--
INFO: [ path_info ] --END-- [ RunTime:0.000000s ]
INFO: [ app_begin ] --START--
INFO: Run Behavior\ReadHtmlCache [ RunTime:0.000000s ]
INFO: [ app_begin ] --END-- [ RunTime:0.000000s ]
INFO: [ action_begin ] --START--
INFO: [ action_begin ] --END-- [ RunTime:0.000000s ]
NOTIC: [8] Use of undefined constant bookname - assumed 'bookname' F:\xampp\htdocs\thinkphp\Application\Home\Controller\IndexController.class.php 第 49 行.
NOTIC: [2] mysql_query(): Access denied for user ''@'localhost' (using password: NO) F:\xampp\htdocs\thinkphp\Application\Home\Controller\IndexController.class.php 第 54 行.
NOTIC: [2] mysql_query(): A link to the server could not be established F:\xampp\htdocs\thinkphp\Application\Home\Controller\IndexController.class.php 第 54 行.
SQL: SHOW COLUMNS FROM `sp_book` [ RunTime:0.006000s ]
SQL: SELECT * FROM `sp_book` WHERE ( `title` LIKE '%C%' )  [ RunTime:0.001000s ]
INFO: [ app_end ] --START--
INFO: Run Behavior\ShowPageTrace [ RunTime:0.001000s ]
INFO: [ app_end ] --END-- [ RunTime:0.001000s ]

[ 2014-02-24T21:26:38+08:00 ] 113.54.147.187 /thinkphp/index.php/Home/index/search
INFO: [ app_init ] --START--
INFO: [ app_init ] --END-- [ RunTime:0.000000s ]
INFO: [ path_info ] --START--
INFO: [ path_info ] --END-- [ RunTime:0.000000s ]
INFO: [ app_begin ] --START--
INFO: Run Behavior\ReadHtmlCache [ RunTime:0.001000s ]
INFO: [ app_begin ] --END-- [ RunTime:0.001000s ]
INFO: [ action_begin ] --START--
INFO: [ action_begin ] --END-- [ RunTime:0.000000s ]
NOTIC: [8] Use of undefined constant bookname - assumed 'bookname' F:\xampp\htdocs\thinkphp\Application\Home\Controller\IndexController.class.php 第 49 行.
NOTIC: [2] mysql_query(): Access denied for user ''@'localhost' (using password: NO) F:\xampp\htdocs\thinkphp\Application\Home\Controller\IndexController.class.php 第 54 行.
NOTIC: [2] mysql_query(): A link to the server could not be established F:\xampp\htdocs\thinkphp\Application\Home\Controller\IndexController.class.php 第 54 行.
SQL: SHOW COLUMNS FROM `sp_book` [ RunTime:0.004000s ]
SQL: SELECT * FROM `sp_book` WHERE ( `title` LIKE '%程序%' )  [ RunTime:0.000000s ]
INFO: [ app_end ] --START--
INFO: Run Behavior\ShowPageTrace [ RunTime:0.000000s ]
INFO: [ app_end ] --END-- [ RunTime:0.000000s ]

[ 2014-02-24T21:29:15+08:00 ] 113.54.147.187 /thinkphp/index.php/Home
INFO: [ app_init ] --START--
INFO: [ app_init ] --END-- [ RunTime:0.000000s ]
INFO: [ app_begin ] --START--
INFO: Run Behavior\ReadHtmlCache [ RunTime:0.000000s ]
INFO: [ app_begin ] --END-- [ RunTime:0.000000s ]
INFO: [ action_begin ] --START--
INFO: [ action_begin ] --END-- [ RunTime:0.000000s ]
INFO: [ view_begin ] --START--
INFO: [ view_begin ] --END-- [ RunTime:0.000000s ]
INFO: [ view_parse ] --START--
INFO: [ template_filter ] --START--
INFO: Run Behavior\ContentReplace [ RunTime:0.000000s ]
INFO: [ template_filter ] --END-- [ RunTime:0.000000s ]
INFO: Run Behavior\ParseTemplate [ RunTime:0.012000s ]
INFO: [ view_parse ] --END-- [ RunTime:0.012000s ]
INFO: [ view_filter ] --START--
INFO: Run Behavior\WriteHtmlCache [ RunTime:0.000000s ]
INFO: [ view_filter ] --END-- [ RunTime:0.000000s ]
INFO: [ view_end ] --START--
INFO: [ view_end ] --END-- [ RunTime:0.000000s ]
INFO: [ app_end ] --START--
INFO: Run Behavior\ShowPageTrace [ RunTime:0.000000s ]
INFO: [ app_end ] --END-- [ RunTime:0.000000s ]

[ 2014-02-24T21:29:30+08:00 ] 222.197.180.140 /thinkphp/index.php/Home
INFO: [ app_init ] --START--
INFO: [ app_init ] --END-- [ RunTime:0.000000s ]
INFO: [ app_begin ] --START--
INFO: Run Behavior\ReadHtmlCache [ RunTime:0.000000s ]
INFO: [ app_begin ] --END-- [ RunTime:0.000000s ]
INFO: [ action_begin ] --START--
INFO: [ action_begin ] --END-- [ RunTime:0.000000s ]
INFO: [ view_begin ] --START--
INFO: [ view_begin ] --END-- [ RunTime:0.000000s ]
INFO: [ view_parse ] --START--
INFO: [ template_filter ] --START--
INFO: Run Behavior\ContentReplace [ RunTime:0.000000s ]
INFO: [ template_filter ] --END-- [ RunTime:0.000000s ]
INFO: Run Behavior\ParseTemplate [ RunTime:0.007001s ]
INFO: [ view_parse ] --END-- [ RunTime:0.007001s ]
INFO: [ view_filter ] --START--
INFO: Run Behavior\WriteHtmlCache [ RunTime:0.000000s ]
INFO: [ view_filter ] --END-- [ RunTime:0.000000s ]
INFO: [ view_end ] --START--
INFO: [ view_end ] --END-- [ RunTime:0.001000s ]
INFO: [ app_end ] --START--
INFO: Run Behavior\ShowPageTrace [ RunTime:0.000000s ]
INFO: [ app_end ] --END-- [ RunTime:0.000000s ]

[ 2014-02-24T21:30:07+08:00 ] 113.54.147.187 /thinkphp/index.php/Home/Index/search
INFO: [ app_init ] --START--
INFO: [ app_init ] --END-- [ RunTime:0.001000s ]
INFO: [ path_info ] --START--
INFO: [ path_info ] --END-- [ RunTime:0.000000s ]
INFO: [ app_begin ] --START--
INFO: Run Behavior\ReadHtmlCache [ RunTime:0.000000s ]
INFO: [ app_begin ] --END-- [ RunTime:0.000000s ]
INFO: [ action_begin ] --START--
INFO: [ action_begin ] --END-- [ RunTime:0.000000s ]
NOTIC: [8] Use of undefined constant bookname - assumed 'bookname' F:\xampp\htdocs\thinkphp\Application\Home\Controller\IndexController.class.php 第 49 行.
NOTIC: [2] mysql_query(): Access denied for user ''@'localhost' (using password: NO) F:\xampp\htdocs\thinkphp\Application\Home\Controller\IndexController.class.php 第 54 行.
NOTIC: [2] mysql_query(): A link to the server could not be established F:\xampp\htdocs\thinkphp\Application\Home\Controller\IndexController.class.php 第 54 行.
SQL: SHOW COLUMNS FROM `sp_book` [ RunTime:0.004001s ]
SQL: SELECT * FROM `sp_book` WHERE ( `title` LIKE '%C%' )  [ RunTime:0.000000s ]
INFO: [ app_end ] --START--
INFO: Run Behavior\ShowPageTrace [ RunTime:0.000000s ]
INFO: [ app_end ] --END-- [ RunTime:0.000000s ]

[ 2014-02-24T21:32:06+08:00 ] 113.54.147.187 /thinkphp/index.php/Home/index/search
INFO: [ app_init ] --START--
INFO: [ app_init ] --END-- [ RunTime:0.001000s ]
INFO: [ path_info ] --START--
INFO: [ path_info ] --END-- [ RunTime:0.000000s ]
INFO: [ app_begin ] --START--
INFO: Run Behavior\ReadHtmlCache [ RunTime:0.000000s ]
INFO: [ app_begin ] --END-- [ RunTime:0.000000s ]
INFO: [ action_begin ] --START--
INFO: [ action_begin ] --END-- [ RunTime:0.000000s ]
NOTIC: [8] Use of undefined constant bookname - assumed 'bookname' F:\xampp\htdocs\thinkphp\Application\Home\Controller\IndexController.class.php 第 49 行.
NOTIC: [2] mysql_query(): Access denied for user ''@'localhost' (using password: NO) F:\xampp\htdocs\thinkphp\Application\Home\Controller\IndexController.class.php 第 54 行.
NOTIC: [2] mysql_query(): A link to the server could not be established F:\xampp\htdocs\thinkphp\Application\Home\Controller\IndexController.class.php 第 54 行.
SQL: SHOW COLUMNS FROM `sp_book` [ RunTime:0.007001s ]
SQL: SELECT * FROM `sp_book` WHERE ( `title` LIKE '%程序%' )  [ RunTime:0.001000s ]
INFO: [ app_end ] --START--
INFO: Run Behavior\ShowPageTrace [ RunTime:0.000000s ]
INFO: [ app_end ] --END-- [ RunTime:0.001000s ]

[ 2014-02-24T21:32:17+08:00 ] 113.54.147.187 /thinkphp/index.php/Home/index/search
INFO: [ app_init ] --START--
INFO: [ app_init ] --END-- [ RunTime:0.001000s ]
INFO: [ path_info ] --START--
INFO: [ path_info ] --END-- [ RunTime:0.000000s ]
INFO: [ app_begin ] --START--
INFO: Run Behavior\ReadHtmlCache [ RunTime:0.000000s ]
INFO: [ app_begin ] --END-- [ RunTime:0.000000s ]
INFO: [ action_begin ] --START--
INFO: [ action_begin ] --END-- [ RunTime:0.000000s ]
NOTIC: [8] Use of undefined constant bookname - assumed 'bookname' F:\xampp\htdocs\thinkphp\Application\Home\Controller\IndexController.class.php 第 49 行.
NOTIC: [2] mysql_query(): Access denied for user ''@'localhost' (using password: NO) F:\xampp\htdocs\thinkphp\Application\Home\Controller\IndexController.class.php 第 54 行.
NOTIC: [2] mysql_query(): A link to the server could not be established F:\xampp\htdocs\thinkphp\Application\Home\Controller\IndexController.class.php 第 54 行.
SQL: SHOW COLUMNS FROM `sp_book` [ RunTime:0.003000s ]
SQL: SELECT * FROM `sp_book` WHERE ( `title` LIKE '%C %' )  [ RunTime:0.000000s ]
INFO: [ app_end ] --START--
INFO: Run Behavior\ShowPageTrace [ RunTime:0.000000s ]
INFO: [ app_end ] --END-- [ RunTime:0.000000s ]

[ 2014-02-24T21:32:25+08:00 ] 113.54.147.187 /thinkphp/index.php/Home/index/search
INFO: [ app_init ] --START--
INFO: [ app_init ] --END-- [ RunTime:0.000000s ]
INFO: [ path_info ] --START--
INFO: [ path_info ] --END-- [ RunTime:0.000000s ]
INFO: [ app_begin ] --START--
INFO: Run Behavior\ReadHtmlCache [ RunTime:0.000000s ]
INFO: [ app_begin ] --END-- [ RunTime:0.000000s ]
INFO: [ action_begin ] --START--
INFO: [ action_begin ] --END-- [ RunTime:0.000000s ]
NOTIC: [8] Use of undefined constant bookname - assumed 'bookname' F:\xampp\htdocs\thinkphp\Application\Home\Controller\IndexController.class.php 第 49 行.
NOTIC: [2] mysql_query(): Access denied for user ''@'localhost' (using password: NO) F:\xampp\htdocs\thinkphp\Application\Home\Controller\IndexController.class.php 第 54 行.
NOTIC: [2] mysql_query(): A link to the server could not be established F:\xampp\htdocs\thinkphp\Application\Home\Controller\IndexController.class.php 第 54 行.
SQL: SHOW COLUMNS FROM `sp_book` [ RunTime:0.006001s ]
SQL: SELECT * FROM `sp_book` WHERE ( `title` LIKE '%C%' )  [ RunTime:0.001000s ]
INFO: [ app_end ] --START--
INFO: Run Behavior\ShowPageTrace [ RunTime:0.000000s ]
INFO: [ app_end ] --END-- [ RunTime:0.000000s ]

[ 2014-02-24T21:34:59+08:00 ] 113.54.147.187 /thinkphp/index.php/Home/index/search
INFO: [ app_init ] --START--
INFO: [ app_init ] --END-- [ RunTime:0.000000s ]
INFO: [ path_info ] --START--
INFO: [ path_info ] --END-- [ RunTime:0.000000s ]
INFO: [ app_begin ] --START--
INFO: Run Behavior\ReadHtmlCache [ RunTime:0.000000s ]
INFO: [ app_begin ] --END-- [ RunTime:0.000000s ]
INFO: [ action_begin ] --START--
INFO: [ action_begin ] --END-- [ RunTime:0.000000s ]
NOTIC: [8] Use of undefined constant bookname - assumed 'bookname' F:\xampp\htdocs\thinkphp\Application\Home\Controller\IndexController.class.php 第 49 行.
NOTIC: [2] mysql_query(): Access denied for user ''@'localhost' (using password: NO) F:\xampp\htdocs\thinkphp\Application\Home\Controller\IndexController.class.php 第 54 行.
NOTIC: [2] mysql_query(): A link to the server could not be established F:\xampp\htdocs\thinkphp\Application\Home\Controller\IndexController.class.php 第 54 行.
SQL: SHOW COLUMNS FROM `sp_book` [ RunTime:0.006000s ]
SQL: SELECT * FROM `sp_book` WHERE ( `title` LIKE '%程序%' )  [ RunTime:0.000000s ]
INFO: [ app_end ] --START--
INFO: Run Behavior\ShowPageTrace [ RunTime:0.000000s ]
INFO: [ app_end ] --END-- [ RunTime:0.001000s ]

[ 2014-02-24T21:36:12+08:00 ] 113.54.147.187 /thinkphp/index.php/Home/Index/search
INFO: [ app_init ] --START--
INFO: [ app_init ] --END-- [ RunTime:0.001000s ]
INFO: [ path_info ] --START--
INFO: [ path_info ] --END-- [ RunTime:0.001000s ]
INFO: [ app_begin ] --START--
INFO: Run Behavior\ReadHtmlCache [ RunTime:0.000000s ]
INFO: [ app_begin ] --END-- [ RunTime:0.000000s ]
INFO: [ action_begin ] --START--
INFO: [ action_begin ] --END-- [ RunTime:0.000000s ]
NOTIC: [8] Use of undefined constant bookname - assumed 'bookname' F:\xampp\htdocs\thinkphp\Application\Home\Controller\IndexController.class.php 第 49 行.
NOTIC: [2] mysql_query(): Access denied for user ''@'localhost' (using password: NO) F:\xampp\htdocs\thinkphp\Application\Home\Controller\IndexController.class.php 第 54 行.
NOTIC: [2] mysql_query(): A link to the server could not be established F:\xampp\htdocs\thinkphp\Application\Home\Controller\IndexController.class.php 第 54 行.
SQL: SHOW COLUMNS FROM `sp_book` [ RunTime:0.009001s ]
SQL: SELECT * FROM `sp_book` WHERE ( `title` LIKE '%C%' )  [ RunTime:0.001000s ]
INFO: [ app_end ] --START--
INFO: Run Behavior\ShowPageTrace [ RunTime:0.000000s ]
INFO: [ app_end ] --END-- [ RunTime:0.000000s ]

[ 2014-02-24T21:38:13+08:00 ] 113.54.147.187 /thinkphp/index.php/Home/index/search
INFO: [ app_init ] --START--
INFO: [ app_init ] --END-- [ RunTime:0.000000s ]
INFO: [ path_info ] --START--
INFO: [ path_info ] --END-- [ RunTime:0.000000s ]
INFO: [ app_begin ] --START--
INFO: Run Behavior\ReadHtmlCache [ RunTime:0.000000s ]
INFO: [ app_begin ] --END-- [ RunTime:0.000000s ]
INFO: [ action_begin ] --START--
INFO: [ action_begin ] --END-- [ RunTime:0.000000s ]
NOTIC: [8] Use of undefined constant bookname - assumed 'bookname' F:\xampp\htdocs\thinkphp\Application\Home\Controller\IndexController.class.php 第 49 行.
NOTIC: [2] mysql_query(): Access denied for user ''@'localhost' (using password: NO) F:\xampp\htdocs\thinkphp\Application\Home\Controller\IndexController.class.php 第 54 行.
NOTIC: [2] mysql_query(): A link to the server could not be established F:\xampp\htdocs\thinkphp\Application\Home\Controller\IndexController.class.php 第 54 行.
SQL: SHOW COLUMNS FROM `sp_book` [ RunTime:0.000000s ]
SQL: SELECT * FROM `sp_book` WHERE ( `title` LIKE '%程序%' )  [ RunTime:0.000000s ]
INFO: [ app_end ] --START--
INFO: Run Behavior\ShowPageTrace [ RunTime:0.000000s ]
INFO: [ app_end ] --END-- [ RunTime:0.000000s ]

[ 2014-02-24T21:40:28+08:00 ] 113.54.147.187 /thinkphp/index.php/Home/index/search
INFO: [ app_init ] --START--
INFO: [ app_init ] --END-- [ RunTime:0.000000s ]
INFO: [ path_info ] --START--
INFO: [ path_info ] --END-- [ RunTime:0.000000s ]
INFO: [ app_begin ] --START--
INFO: Run Behavior\ReadHtmlCache [ RunTime:0.000000s ]
INFO: [ app_begin ] --END-- [ RunTime:0.000000s ]
INFO: [ action_begin ] --START--
INFO: [ action_begin ] --END-- [ RunTime:0.000000s ]
NOTIC: [8] Use of undefined constant bookname - assumed 'bookname' F:\xampp\htdocs\thinkphp\Application\Home\Controller\IndexController.class.php 第 49 行.
NOTIC: [2] mysql_query(): Access denied for user ''@'localhost' (using password: NO) F:\xampp\htdocs\thinkphp\Application\Home\Controller\IndexController.class.php 第 54 行.
NOTIC: [2] mysql_query(): A link to the server could not be established F:\xampp\htdocs\thinkphp\Application\Home\Controller\IndexController.class.php 第 54 行.
SQL: SHOW COLUMNS FROM `sp_book` [ RunTime:0.000000s ]
SQL: SELECT * FROM `sp_book` WHERE ( `title` LIKE '%C%' )  [ RunTime:0.000000s ]
INFO: [ app_end ] --START--
INFO: Run Behavior\ShowPageTrace [ RunTime:0.000000s ]
INFO: [ app_end ] --END-- [ RunTime:0.000000s ]

[ 2014-02-24T22:13:56+08:00 ] 113.54.147.187 /thinkphp/index.php/Home/index/search
INFO: [ app_init ] --START--
INFO: [ app_init ] --END-- [ RunTime:0.000000s ]
INFO: [ path_info ] --START--
INFO: [ path_info ] --END-- [ RunTime:0.000000s ]
INFO: [ app_begin ] --START--
INFO: Run Behavior\ReadHtmlCache [ RunTime:0.000000s ]
INFO: [ app_begin ] --END-- [ RunTime:0.000000s ]
INFO: [ action_begin ] --START--
INFO: [ action_begin ] --END-- [ RunTime:0.000000s ]
NOTIC: [8] Use of undefined constant bookname - assumed 'bookname' F:\xampp\htdocs\thinkphp\Application\Home\Controller\IndexController.class.php 第 49 行.
NOTIC: [2] mysql_query(): Access denied for user ''@'localhost' (using password: NO) F:\xampp\htdocs\thinkphp\Application\Home\Controller\IndexController.class.php 第 54 行.
NOTIC: [2] mysql_query(): A link to the server could not be established F:\xampp\htdocs\thinkphp\Application\Home\Controller\IndexController.class.php 第 54 行.
SQL: SHOW COLUMNS FROM `sp_book` [ RunTime:0.005000s ]
SQL: SELECT * FROM `sp_book` WHERE ( `title` LIKE '%程序%' )  [ RunTime:0.000000s ]
INFO: [ app_end ] --START--
INFO: Run Behavior\ShowPageTrace [ RunTime:0.000000s ]
INFO: [ app_end ] --END-- [ RunTime:0.000000s ]

[ 2014-02-24T22:14:20+08:00 ] 113.54.147.187 /thinkphp/index.php/Home/index/search
INFO: [ app_init ] --START--
INFO: [ app_init ] --END-- [ RunTime:0.000000s ]
INFO: [ path_info ] --START--
INFO: [ path_info ] --END-- [ RunTime:0.000000s ]
INFO: [ app_begin ] --START--
INFO: Run Behavior\ReadHtmlCache [ RunTime:0.000000s ]
INFO: [ app_begin ] --END-- [ RunTime:0.000000s ]
INFO: [ action_begin ] --START--
INFO: [ action_begin ] --END-- [ RunTime:0.000000s ]
NOTIC: [8] Use of undefined constant bookname - assumed 'bookname' F:\xampp\htdocs\thinkphp\Application\Home\Controller\IndexController.class.php 第 49 行.
NOTIC: [2] mysql_query(): Access denied for user ''@'localhost' (using password: NO) F:\xampp\htdocs\thinkphp\Application\Home\Controller\IndexController.class.php 第 54 行.
NOTIC: [2] mysql_query(): A link to the server could not be established F:\xampp\htdocs\thinkphp\Application\Home\Controller\IndexController.class.php 第 54 行.
SQL: SHOW COLUMNS FROM `sp_book` [ RunTime:0.005000s ]
SQL: SELECT * FROM `sp_book` WHERE ( `title` LIKE '%C%' )  [ RunTime:0.000000s ]
INFO: [ app_end ] --START--
INFO: Run Behavior\ShowPageTrace [ RunTime:0.000000s ]
INFO: [ app_end ] --END-- [ RunTime:0.000000s ]

[ 2014-02-24T22:17:13+08:00 ] 113.54.147.187 /thinkphp/index.php/Home/index/search
INFO: [ app_init ] --START--
INFO: [ app_init ] --END-- [ RunTime:0.000000s ]
INFO: [ path_info ] --START--
INFO: [ path_info ] --END-- [ RunTime:0.000000s ]
INFO: [ app_begin ] --START--
INFO: Run Behavior\ReadHtmlCache [ RunTime:0.000000s ]
INFO: [ app_begin ] --END-- [ RunTime:0.000000s ]
INFO: [ action_begin ] --START--
INFO: [ action_begin ] --END-- [ RunTime:0.000000s ]
NOTIC: [8] Use of undefined constant bookname - assumed 'bookname' F:\xampp\htdocs\thinkphp\Application\Home\Controller\IndexController.class.php 第 54 行.
NOTIC: [2] mysql_query(): Access denied for user ''@'localhost' (using password: NO) F:\xampp\htdocs\thinkphp\Application\Home\Controller\IndexController.class.php 第 59 行.
NOTIC: [2] mysql_query(): A link to the server could not be established F:\xampp\htdocs\thinkphp\Application\Home\Controller\IndexController.class.php 第 59 行.
SQL: SHOW COLUMNS FROM `sp_book` [ RunTime:0.005000s ]
SQL: SELECT * FROM `sp_book` WHERE ( `title` LIKE '%程序%' )  [ RunTime:0.005000s ]
INFO: [ app_end ] --START--
INFO: Run Behavior\ShowPageTrace [ RunTime:0.000000s ]
INFO: [ app_end ] --END-- [ RunTime:0.000000s ]

[ 2014-02-24T22:26:48+08:00 ] 113.54.147.187 /thinkphp/index.php/Home/index/search
INFO: [ app_init ] --START--
INFO: [ app_init ] --END-- [ RunTime:0.000000s ]
INFO: [ path_info ] --START--
INFO: [ path_info ] --END-- [ RunTime:0.000000s ]
INFO: [ app_begin ] --START--
INFO: Run Behavior\ReadHtmlCache [ RunTime:0.000000s ]
INFO: [ app_begin ] --END-- [ RunTime:0.000000s ]
INFO: [ action_begin ] --START--
INFO: [ action_begin ] --END-- [ RunTime:0.000000s ]
NOTIC: [8] Use of undefined constant bookname - assumed 'bookname' F:\xampp\htdocs\thinkphp\Application\Home\Controller\IndexController.class.php 第 54 行.
NOTIC: [2] mysql_query(): Access denied for user ''@'localhost' (using password: NO) F:\xampp\htdocs\thinkphp\Application\Home\Controller\IndexController.class.php 第 59 行.
NOTIC: [2] mysql_query(): A link to the server could not be established F:\xampp\htdocs\thinkphp\Application\Home\Controller\IndexController.class.php 第 59 行.
SQL: SHOW COLUMNS FROM `sp_book` [ RunTime:0.000000s ]
SQL: SELECT * FROM `sp_book` WHERE ( `title` LIKE '%程序%' )  [ RunTime:0.000000s ]
INFO: [ app_end ] --START--
INFO: Run Behavior\ShowPageTrace [ RunTime:0.000000s ]
INFO: [ app_end ] --END-- [ RunTime:0.000000s ]

[ 2014-02-24T23:07:33+08:00 ] 113.54.147.187 /thinkphp/index.php/Home
INFO: [ app_init ] --START--
INFO: [ app_init ] --END-- [ RunTime:0.000000s ]
INFO: [ app_begin ] --START--
INFO: Run Behavior\ReadHtmlCache [ RunTime:0.000000s ]
INFO: [ app_begin ] --END-- [ RunTime:0.000000s ]
INFO: [ action_begin ] --START--
INFO: [ action_begin ] --END-- [ RunTime:0.000000s ]
INFO: [ view_begin ] --START--
INFO: [ view_begin ] --END-- [ RunTime:0.000000s ]
INFO: [ view_parse ] --START--
INFO: [ template_filter ] --START--
INFO: Run Behavior\ContentReplace [ RunTime:0.000000s ]
INFO: [ template_filter ] --END-- [ RunTime:0.000000s ]
INFO: Run Behavior\ParseTemplate [ RunTime:0.015600s ]
INFO: [ view_parse ] --END-- [ RunTime:0.015600s ]
INFO: [ view_filter ] --START--
INFO: Run Behavior\WriteHtmlCache [ RunTime:0.000000s ]
INFO: [ view_filter ] --END-- [ RunTime:0.000000s ]
INFO: [ view_end ] --START--
INFO: [ view_end ] --END-- [ RunTime:0.000000s ]
INFO: [ app_end ] --START--
INFO: Run Behavior\ShowPageTrace [ RunTime:0.000000s ]
INFO: [ app_end ] --END-- [ RunTime:0.000000s ]

[ 2014-02-24T23:08:40+08:00 ] 113.54.147.187 /thinkphp/index.php/Home/index/search
INFO: [ app_init ] --START--
INFO: [ app_init ] --END-- [ RunTime:0.000000s ]
INFO: [ path_info ] --START--
INFO: [ path_info ] --END-- [ RunTime:0.000000s ]
INFO: [ app_begin ] --START--
INFO: Run Behavior\ReadHtmlCache [ RunTime:0.000000s ]
INFO: [ app_begin ] --END-- [ RunTime:0.000000s ]
INFO: [ action_begin ] --START--
INFO: [ action_begin ] --END-- [ RunTime:0.000000s ]
NOTIC: [8] Use of undefined constant bookname - assumed 'bookname' F:\xampp\htdocs\thinkphp\Application\Home\Controller\IndexController.class.php 第 54 行.
NOTIC: [2] mysql_query(): Access denied for user ''@'localhost' (using password: NO) F:\xampp\htdocs\thinkphp\Application\Home\Controller\IndexController.class.php 第 59 行.
NOTIC: [2] mysql_query(): A link to the server could not be established F:\xampp\htdocs\thinkphp\Application\Home\Controller\IndexController.class.php 第 59 行.
SQL: SHOW COLUMNS FROM `sp_book` [ RunTime:0.000000s ]
SQL: SELECT * FROM `sp_book` WHERE ( `title` LIKE '%程序%' )  [ RunTime:0.000000s ]
INFO: [ app_end ] --START--
INFO: Run Behavior\ShowPageTrace [ RunTime:0.000000s ]
INFO: [ app_end ] --END-- [ RunTime:0.000000s ]

[ 2014-02-24T23:09:26+08:00 ] 113.54.147.187 /thinkphp/index.php/Home
INFO: [ app_init ] --START--
INFO: [ app_init ] --END-- [ RunTime:0.000000s ]
INFO: [ app_begin ] --START--
INFO: Run Behavior\ReadHtmlCache [ RunTime:0.000000s ]
INFO: [ app_begin ] --END-- [ RunTime:0.000000s ]
INFO: [ action_begin ] --START--
INFO: [ action_begin ] --END-- [ RunTime:0.000000s ]
INFO: [ view_begin ] --START--
INFO: [ view_begin ] --END-- [ RunTime:0.000000s ]
INFO: [ view_parse ] --START--
INFO: [ template_filter ] --START--
INFO: Run Behavior\ContentReplace [ RunTime:0.000000s ]
INFO: [ template_filter ] --END-- [ RunTime:0.000000s ]
INFO: Run Behavior\ParseTemplate [ RunTime:0.015600s ]
INFO: [ view_parse ] --END-- [ RunTime:0.015600s ]
INFO: [ view_filter ] --START--
INFO: Run Behavior\WriteHtmlCache [ RunTime:0.000000s ]
INFO: [ view_filter ] --END-- [ RunTime:0.000000s ]
INFO: [ view_end ] --START--
INFO: [ view_end ] --END-- [ RunTime:0.000000s ]
INFO: [ app_end ] --START--
INFO: Run Behavior\ShowPageTrace [ RunTime:0.000000s ]
INFO: [ app_end ] --END-- [ RunTime:0.000000s ]

[ 2014-02-24T23:12:35+08:00 ] 113.54.147.187 /thinkphp/index.php/Home/index/search
INFO: [ app_init ] --START--
INFO: [ app_init ] --END-- [ RunTime:0.000000s ]
INFO: [ path_info ] --START--
INFO: [ path_info ] --END-- [ RunTime:0.000000s ]
INFO: [ app_begin ] --START--
INFO: Run Behavior\ReadHtmlCache [ RunTime:0.000000s ]
INFO: [ app_begin ] --END-- [ RunTime:0.000000s ]
INFO: [ action_begin ] --START--
INFO: [ action_begin ] --END-- [ RunTime:0.000000s ]
NOTIC: [8] Use of undefined constant bookname - assumed 'bookname' F:\xampp\htdocs\thinkphp\Application\Home\Controller\IndexController.class.php 第 54 行.
NOTIC: [2] mysql_query(): Access denied for user ''@'localhost' (using password: NO) F:\xampp\htdocs\thinkphp\Application\Home\Controller\IndexController.class.php 第 59 行.
NOTIC: [2] mysql_query(): A link to the server could not be established F:\xampp\htdocs\thinkphp\Application\Home\Controller\IndexController.class.php 第 59 行.
SQL: SHOW COLUMNS FROM `sp_book` [ RunTime:0.000000s ]
SQL: SELECT * FROM `sp_book` WHERE ( `title` LIKE '%程序%' )  [ RunTime:0.000000s ]
INFO: [ app_end ] --START--
INFO: Run Behavior\ShowPageTrace [ RunTime:0.000000s ]
INFO: [ app_end ] --END-- [ RunTime:0.000000s ]

[ 2014-02-24T23:16:11+08:00 ] 113.54.147.187 /thinkphp/index.php/Home/Index/search
INFO: [ app_init ] --START--
INFO: [ app_init ] --END-- [ RunTime:0.000000s ]
INFO: [ path_info ] --START--
INFO: [ path_info ] --END-- [ RunTime:0.000000s ]
INFO: [ app_begin ] --START--
INFO: Run Behavior\ReadHtmlCache [ RunTime:0.000000s ]
INFO: [ app_begin ] --END-- [ RunTime:0.000000s ]
INFO: [ action_begin ] --START--
INFO: [ action_begin ] --END-- [ RunTime:0.000000s ]
NOTIC: [8] Use of undefined constant bookname - assumed 'bookname' F:\xampp\htdocs\thinkphp\Application\Home\Controller\IndexController.class.php 第 54 行.
NOTIC: [2] mysql_query(): Access denied for user ''@'localhost' (using password: NO) F:\xampp\htdocs\thinkphp\Application\Home\Controller\IndexController.class.php 第 59 行.
NOTIC: [2] mysql_query(): A link to the server could not be established F:\xampp\htdocs\thinkphp\Application\Home\Controller\IndexController.class.php 第 59 行.
SQL: SHOW COLUMNS FROM `sp_book` [ RunTime:0.000000s ]
SQL: SELECT * FROM `sp_book` WHERE ( `title` LIKE '%算法%' )  [ RunTime:0.000000s ]
INFO: [ app_end ] --START--
INFO: Run Behavior\ShowPageTrace [ RunTime:0.000000s ]
INFO: [ app_end ] --END-- [ RunTime:0.000000s ]

[ 2014-02-24T23:27:11+08:00 ] 113.54.147.187 /thinkphp/index.php/Home
INFO: [ app_init ] --START--
INFO: [ app_init ] --END-- [ RunTime:0.000000s ]
INFO: [ app_begin ] --START--
INFO: Run Behavior\ReadHtmlCache [ RunTime:0.000000s ]
INFO: [ app_begin ] --END-- [ RunTime:0.000000s ]
INFO: [ action_begin ] --START--
INFO: [ action_begin ] --END-- [ RunTime:0.000000s ]
INFO: [ view_begin ] --START--
INFO: [ view_begin ] --END-- [ RunTime:0.000000s ]
INFO: [ view_parse ] --START--
INFO: [ template_filter ] --START--
INFO: Run Behavior\ContentReplace [ RunTime:0.000000s ]
INFO: [ template_filter ] --END-- [ RunTime:0.000000s ]
INFO: Run Behavior\ParseTemplate [ RunTime:0.000000s ]
INFO: [ view_parse ] --END-- [ RunTime:0.000000s ]
INFO: [ view_filter ] --START--
INFO: Run Behavior\WriteHtmlCache [ RunTime:0.000000s ]
INFO: [ view_filter ] --END-- [ RunTime:0.000000s ]
INFO: [ view_end ] --START--
INFO: [ view_end ] --END-- [ RunTime:0.000000s ]
INFO: [ app_end ] --START--
INFO: Run Behavior\ShowPageTrace [ RunTime:0.000000s ]
INFO: [ app_end ] --END-- [ RunTime:0.000000s ]

[ 2014-02-24T23:27:20+08:00 ] 113.54.147.187 /thinkphp/index.php/Home/Index/search
INFO: [ app_init ] --START--
INFO: [ app_init ] --END-- [ RunTime:0.000000s ]
INFO: [ path_info ] --START--
INFO: [ path_info ] --END-- [ RunTime:0.000000s ]
INFO: [ app_begin ] --START--
INFO: Run Behavior\ReadHtmlCache [ RunTime:0.000000s ]
INFO: [ app_begin ] --END-- [ RunTime:0.000000s ]
INFO: [ action_begin ] --START--
INFO: [ action_begin ] --END-- [ RunTime:0.000000s ]
NOTIC: [8] Use of undefined constant bookname - assumed 'bookname' F:\xampp\htdocs\thinkphp\Application\Home\Controller\IndexController.class.php 第 54 行.
NOTIC: [2] mysql_query(): Access denied for user ''@'localhost' (using password: NO) F:\xampp\htdocs\thinkphp\Application\Home\Controller\IndexController.class.php 第 59 行.
NOTIC: [2] mysql_query(): A link to the server could not be established F:\xampp\htdocs\thinkphp\Application\Home\Controller\IndexController.class.php 第 59 行.
SQL: SHOW COLUMNS FROM `sp_book` [ RunTime:0.000000s ]
SQL: SELECT * FROM `sp_book` WHERE ( `title` LIKE '%算法%' )  [ RunTime:0.000000s ]
INFO: [ app_end ] --START--
INFO: Run Behavior\ShowPageTrace [ RunTime:0.000000s ]
INFO: [ app_end ] --END-- [ RunTime:0.000000s ]

