[ 2014-01-25T23:58:22+08:00 ] ::1 /thinkphp/index.php/
INFO: [ app_init ] --START--
INFO: [ app_init ] --END-- [ RunTime:0.000047s ]
INFO: [ app_begin ] --START--
INFO: Run Behavior\ReadHtmlCache [ RunTime:0.000060s ]
INFO: [ app_begin ] --END-- [ RunTime:0.000117s ]
INFO: [ action_begin ] --START--
INFO: [ action_begin ] --END-- [ RunTime:0.000030s ]
INFO: [ view_begin ] --START--
INFO: [ view_begin ] --END-- [ RunTime:0.000023s ]
INFO: [ view_parse ] --START--
INFO: [ template_filter ] --START--
INFO: Run Behavior\ContentReplace [ RunTime:0.000068s ]
INFO: [ template_filter ] --END-- [ RunTime:0.000140s ]
INFO: Run Behavior\ParseTemplate [ RunTime:0.007617s ]
INFO: [ view_parse ] --END-- [ RunTime:0.007681s ]
INFO: [ view_filter ] --START--
INFO: Run Behavior\WriteHtmlCache [ RunTime:0.000017s ]
INFO: [ view_filter ] --END-- [ RunTime:0.000064s ]
INFO: [ view_end ] --START--
INFO: [ view_end ] --END-- [ RunTime:0.000020s ]
INFO: [ app_end ] --START--
INFO: Run Behavior\ShowPageTrace [ RunTime:0.000040s ]
INFO: [ app_end ] --END-- [ RunTime:0.000086s ]

